{"/workspace/core-data/src/functions.ts": {"path":"/workspace/core-data/src/functions.ts","all":false,"statementMap":{"0":{"start":{"line":1,"column":0},"end":{"line":1,"column":24}},"1":{"start":{"line":2,"column":0},"end":{"line":2,"column":48}},"2":{"start":{"line":3,"column":0},"end":{"line":3,"column":41}},"3":{"start":{"line":4,"column":0},"end":{"line":4,"column":44}},"4":{"start":{"line":5,"column":0},"end":{"line":5,"column":0}},"5":{"start":{"line":6,"column":0},"end":{"line":6,"column":57}},"6":{"start":{"line":7,"column":0},"end":{"line":7,"column":60}},"7":{"start":{"line":8,"column":0},"end":{"line":8,"column":1}},"8":{"start":{"line":9,"column":0},"end":{"line":9,"column":0}},"9":{"start":{"line":10,"column":0},"end":{"line":10,"column":67}},"10":{"start":{"line":11,"column":0},"end":{"line":11,"column":42}},"11":{"start":{"line":12,"column":0},"end":{"line":12,"column":1}},"12":{"start":{"line":13,"column":0},"end":{"line":13,"column":0}},"13":{"start":{"line":14,"column":0},"end":{"line":14,"column":60}},"14":{"start":{"line":15,"column":0},"end":{"line":15,"column":60}},"15":{"start":{"line":16,"column":0},"end":{"line":16,"column":1}},"16":{"start":{"line":17,"column":0},"end":{"line":17,"column":0}},"17":{"start":{"line":18,"column":0},"end":{"line":18,"column":53}},"18":{"start":{"line":19,"column":0},"end":{"line":19,"column":25}},"19":{"start":{"line":20,"column":0},"end":{"line":20,"column":2}},"20":{"start":{"line":21,"column":0},"end":{"line":21,"column":0}},"21":{"start":{"line":22,"column":0},"end":{"line":22,"column":39}},"22":{"start":{"line":23,"column":0},"end":{"line":23,"column":13}},"23":{"start":{"line":24,"column":0},"end":{"line":24,"column":12}},"24":{"start":{"line":25,"column":0},"end":{"line":25,"column":19}},"25":{"start":{"line":26,"column":0},"end":{"line":26,"column":0}},"26":{"start":{"line":27,"column":0},"end":{"line":27,"column":59}},"27":{"start":{"line":28,"column":0},"end":{"line":28,"column":13}},"28":{"start":{"line":29,"column":0},"end":{"line":29,"column":12}},"29":{"start":{"line":30,"column":0},"end":{"line":30,"column":28}},"30":{"start":{"line":31,"column":0},"end":{"line":31,"column":0}},"31":{"start":{"line":32,"column":0},"end":{"line":32,"column":64}},"32":{"start":{"line":33,"column":0},"end":{"line":33,"column":13}},"33":{"start":{"line":34,"column":0},"end":{"line":34,"column":15}},"34":{"start":{"line":35,"column":0},"end":{"line":35,"column":3}},"35":{"start":{"line":36,"column":0},"end":{"line":36,"column":14}},"36":{"start":{"line":37,"column":0},"end":{"line":37,"column":56}},"37":{"start":{"line":38,"column":0},"end":{"line":38,"column":3}},"38":{"start":{"line":39,"column":0},"end":{"line":39,"column":49}},"39":{"start":{"line":40,"column":0},"end":{"line":40,"column":1}},"40":{"start":{"line":41,"column":0},"end":{"line":41,"column":0}},"41":{"start":{"line":42,"column":0},"end":{"line":42,"column":15}},"42":{"start":{"line":43,"column":0},"end":{"line":43,"column":28}},"43":{"start":{"line":44,"column":0},"end":{"line":44,"column":0}},"44":{"start":{"line":45,"column":0},"end":{"line":45,"column":12}},"45":{"start":{"line":46,"column":0},"end":{"line":46,"column":10}},"46":{"start":{"line":47,"column":0},"end":{"line":47,"column":1}},"47":{"start":{"line":48,"column":0},"end":{"line":48,"column":0}},"48":{"start":{"line":49,"column":0},"end":{"line":49,"column":52}},"49":{"start":{"line":50,"column":0},"end":{"line":50,"column":13}},"50":{"start":{"line":51,"column":0},"end":{"line":51,"column":12}},"51":{"start":{"line":52,"column":0},"end":{"line":52,"column":1}}},"s":{"0":1,"1":1,"2":1,"3":1,"4":1,"5":1,"6":0,"7":0,"8":1,"9":1,"10":0,"11":0,"12":1,"13":1,"14":0,"15":0,"16":1,"17":1,"18":1,"19":1,"20":1,"21":1,"22":1,"23":1,"24":1,"25":1,"26":1,"27":1,"28":1,"29":1,"30":1,"31":1,"32":2,"33":2,"34":2,"35":2,"36":1,"37":1,"38":1,"39":1,"40":1,"41":1,"42":1,"43":1,"44":1,"45":0,"46":0,"47":1,"48":1,"49":1,"50":0,"51":0},"branchMap":{"0":{"type":"branch","line":45,"loc":{"start":{"line":45,"column":11},"end":{"line":47,"column":1}},"locations":[{"start":{"line":45,"column":11},"end":{"line":47,"column":1}}]},"1":{"type":"branch","line":50,"loc":{"start":{"line":50,"column":12},"end":{"line":52,"column":1}},"locations":[{"start":{"line":50,"column":12},"end":{"line":52,"column":1}}]},"2":{"type":"branch","line":32,"loc":{"start":{"line":32,"column":7},"end":{"line":40,"column":1}},"locations":[{"start":{"line":32,"column":7},"end":{"line":40,"column":1}}]},"3":{"type":"branch","line":36,"loc":{"start":{"line":36,"column":13},"end":{"line":40,"column":1}},"locations":[{"start":{"line":36,"column":13},"end":{"line":40,"column":1}}]}},"b":{"0":[0],"1":[0],"2":[2],"3":[1]},"fnMap":{"0":{"name":"isSearchOperation","decl":{"start":{"line":6,"column":7},"end":{"line":8,"column":1}},"loc":{"start":{"line":6,"column":7},"end":{"line":8,"column":1}},"line":6},"1":{"name":"isNotClause","decl":{"start":{"line":10,"column":7},"end":{"line":12,"column":1}},"loc":{"start":{"line":10,"column":7},"end":{"line":12,"column":1}},"line":10},"2":{"name":"includesMany","decl":{"start":{"line":14,"column":7},"end":{"line":16,"column":1}},"loc":{"start":{"line":14,"column":7},"end":{"line":16,"column":1}},"line":14},"3":{"name":"isEntity","decl":{"start":{"line":32,"column":7},"end":{"line":40,"column":1}},"loc":{"start":{"line":32,"column":7},"end":{"line":40,"column":1}},"line":32}},"f":{"0":0,"1":0,"2":0,"3":2}}
,"/workspace/core-data/src/adapters/arrayDB.functions.ts": {"path":"/workspace/core-data/src/adapters/arrayDB.functions.ts","all":false,"statementMap":{"0":{"start":{"line":1,"column":0},"end":{"line":1,"column":32}},"1":{"start":{"line":2,"column":0},"end":{"line":2,"column":24}},"2":{"start":{"line":3,"column":0},"end":{"line":3,"column":43}},"3":{"start":{"line":4,"column":0},"end":{"line":4,"column":70}},"4":{"start":{"line":5,"column":0},"end":{"line":5,"column":0}},"5":{"start":{"line":6,"column":0},"end":{"line":6,"column":44}},"6":{"start":{"line":7,"column":0},"end":{"line":7,"column":25}},"7":{"start":{"line":8,"column":0},"end":{"line":8,"column":24}},"8":{"start":{"line":9,"column":0},"end":{"line":9,"column":32}},"9":{"start":{"line":10,"column":0},"end":{"line":10,"column":31}},"10":{"start":{"line":11,"column":0},"end":{"line":11,"column":0}},"11":{"start":{"line":12,"column":0},"end":{"line":12,"column":46}},"12":{"start":{"line":13,"column":0},"end":{"line":13,"column":24}},"13":{"start":{"line":14,"column":0},"end":{"line":14,"column":10}},"14":{"start":{"line":15,"column":0},"end":{"line":15,"column":34}},"15":{"start":{"line":16,"column":0},"end":{"line":16,"column":34}},"16":{"start":{"line":17,"column":0},"end":{"line":17,"column":34}},"17":{"start":{"line":18,"column":0},"end":{"line":18,"column":35}},"18":{"start":{"line":19,"column":0},"end":{"line":19,"column":37}},"19":{"start":{"line":20,"column":0},"end":{"line":20,"column":53}},"20":{"start":{"line":21,"column":0},"end":{"line":21,"column":9}},"21":{"start":{"line":22,"column":0},"end":{"line":22,"column":31}},"22":{"start":{"line":23,"column":0},"end":{"line":23,"column":7}},"23":{"start":{"line":24,"column":0},"end":{"line":24,"column":51}},"24":{"start":{"line":25,"column":0},"end":{"line":25,"column":6}},"25":{"start":{"line":26,"column":0},"end":{"line":26,"column":3}},"26":{"start":{"line":27,"column":0},"end":{"line":27,"column":0}},"27":{"start":{"line":28,"column":0},"end":{"line":28,"column":37}},"28":{"start":{"line":29,"column":0},"end":{"line":29,"column":0}},"29":{"start":{"line":30,"column":0},"end":{"line":30,"column":68}},"30":{"start":{"line":31,"column":0},"end":{"line":31,"column":18}},"31":{"start":{"line":32,"column":0},"end":{"line":32,"column":23}},"32":{"start":{"line":33,"column":0},"end":{"line":33,"column":21}},"33":{"start":{"line":34,"column":0},"end":{"line":34,"column":28}},"34":{"start":{"line":35,"column":0},"end":{"line":35,"column":55}},"35":{"start":{"line":36,"column":0},"end":{"line":36,"column":34}},"36":{"start":{"line":37,"column":0},"end":{"line":37,"column":10}},"37":{"start":{"line":38,"column":0},"end":{"line":38,"column":17}},"38":{"start":{"line":39,"column":0},"end":{"line":39,"column":46}},"39":{"start":{"line":40,"column":0},"end":{"line":40,"column":17}},"40":{"start":{"line":41,"column":0},"end":{"line":41,"column":47}},"41":{"start":{"line":42,"column":0},"end":{"line":42,"column":17}},"42":{"start":{"line":43,"column":0},"end":{"line":43,"column":28}},"43":{"start":{"line":44,"column":0},"end":{"line":44,"column":64}},"44":{"start":{"line":45,"column":0},"end":{"line":45,"column":10}},"45":{"start":{"line":46,"column":0},"end":{"line":46,"column":18}},"46":{"start":{"line":47,"column":0},"end":{"line":47,"column":28}},"47":{"start":{"line":48,"column":0},"end":{"line":48,"column":66}},"48":{"start":{"line":49,"column":0},"end":{"line":49,"column":10}},"49":{"start":{"line":50,"column":0},"end":{"line":50,"column":19}},"50":{"start":{"line":51,"column":0},"end":{"line":51,"column":0}},"51":{"start":{"line":52,"column":0},"end":{"line":52,"column":23}},"52":{"start":{"line":53,"column":0},"end":{"line":53,"column":17}},"53":{"start":{"line":54,"column":0},"end":{"line":54,"column":39}},"54":{"start":{"line":55,"column":0},"end":{"line":55,"column":18}},"55":{"start":{"line":56,"column":0},"end":{"line":56,"column":40}},"56":{"start":{"line":57,"column":0},"end":{"line":57,"column":17}},"57":{"start":{"line":58,"column":0},"end":{"line":58,"column":39}},"58":{"start":{"line":59,"column":0},"end":{"line":59,"column":18}},"59":{"start":{"line":60,"column":0},"end":{"line":60,"column":40}},"60":{"start":{"line":61,"column":0},"end":{"line":61,"column":18}},"61":{"start":{"line":62,"column":0},"end":{"line":62,"column":68}},"62":{"start":{"line":63,"column":0},"end":{"line":63,"column":19}},"63":{"start":{"line":64,"column":0},"end":{"line":64,"column":0}},"64":{"start":{"line":65,"column":0},"end":{"line":65,"column":23}},"65":{"start":{"line":66,"column":0},"end":{"line":66,"column":18}},"66":{"start":{"line":67,"column":0},"end":{"line":67,"column":70}},"67":{"start":{"line":68,"column":0},"end":{"line":68,"column":17}},"68":{"start":{"line":69,"column":0},"end":{"line":69,"column":26}},"69":{"start":{"line":70,"column":0},"end":{"line":70,"column":62}},"70":{"start":{"line":71,"column":0},"end":{"line":71,"column":17}},"71":{"start":{"line":72,"column":0},"end":{"line":72,"column":26}},"72":{"start":{"line":73,"column":0},"end":{"line":73,"column":60}},"73":{"start":{"line":74,"column":0},"end":{"line":74,"column":19}},"74":{"start":{"line":75,"column":0},"end":{"line":75,"column":0}},"75":{"start":{"line":76,"column":0},"end":{"line":76,"column":22}},"76":{"start":{"line":77,"column":0},"end":{"line":77,"column":18}},"77":{"start":{"line":78,"column":0},"end":{"line":78,"column":26}},"78":{"start":{"line":79,"column":0},"end":{"line":79,"column":72}},"79":{"start":{"line":80,"column":0},"end":{"line":80,"column":17}},"80":{"start":{"line":81,"column":0},"end":{"line":81,"column":26}},"81":{"start":{"line":82,"column":0},"end":{"line":82,"column":71}},"82":{"start":{"line":83,"column":0},"end":{"line":83,"column":19}},"83":{"start":{"line":84,"column":0},"end":{"line":84,"column":73}},"84":{"start":{"line":85,"column":0},"end":{"line":85,"column":19}},"85":{"start":{"line":86,"column":0},"end":{"line":86,"column":0}},"86":{"start":{"line":87,"column":0},"end":{"line":87,"column":25}},"87":{"start":{"line":88,"column":0},"end":{"line":88,"column":18}},"88":{"start":{"line":89,"column":0},"end":{"line":89,"column":28}},"89":{"start":{"line":90,"column":0},"end":{"line":90,"column":52}},"90":{"start":{"line":91,"column":0},"end":{"line":91,"column":49}},"91":{"start":{"line":92,"column":0},"end":{"line":92,"column":63}},"92":{"start":{"line":93,"column":0},"end":{"line":93,"column":33}},"93":{"start":{"line":94,"column":0},"end":{"line":94,"column":19}},"94":{"start":{"line":95,"column":0},"end":{"line":95,"column":21}},"95":{"start":{"line":96,"column":0},"end":{"line":96,"column":10}},"96":{"start":{"line":97,"column":0},"end":{"line":97,"column":18}},"97":{"start":{"line":98,"column":0},"end":{"line":98,"column":28}},"98":{"start":{"line":99,"column":0},"end":{"line":99,"column":50}},"99":{"start":{"line":100,"column":0},"end":{"line":100,"column":58}},"100":{"start":{"line":101,"column":0},"end":{"line":101,"column":21}},"101":{"start":{"line":102,"column":0},"end":{"line":102,"column":10}},"102":{"start":{"line":103,"column":0},"end":{"line":103,"column":18}},"103":{"start":{"line":104,"column":0},"end":{"line":104,"column":28}},"104":{"start":{"line":105,"column":0},"end":{"line":105,"column":52}},"105":{"start":{"line":106,"column":0},"end":{"line":106,"column":49}},"106":{"start":{"line":107,"column":0},"end":{"line":107,"column":63}},"107":{"start":{"line":108,"column":0},"end":{"line":108,"column":34}},"108":{"start":{"line":109,"column":0},"end":{"line":109,"column":19}},"109":{"start":{"line":110,"column":0},"end":{"line":110,"column":21}},"110":{"start":{"line":111,"column":0},"end":{"line":111,"column":10}},"111":{"start":{"line":112,"column":0},"end":{"line":112,"column":17}},"112":{"start":{"line":113,"column":0},"end":{"line":113,"column":28}},"113":{"start":{"line":114,"column":0},"end":{"line":114,"column":55}},"114":{"start":{"line":115,"column":0},"end":{"line":115,"column":26}},"115":{"start":{"line":116,"column":0},"end":{"line":116,"column":38}},"116":{"start":{"line":117,"column":0},"end":{"line":117,"column":54}},"117":{"start":{"line":118,"column":0},"end":{"line":118,"column":27}},"118":{"start":{"line":119,"column":0},"end":{"line":119,"column":11}},"119":{"start":{"line":120,"column":0},"end":{"line":120,"column":21}},"120":{"start":{"line":121,"column":0},"end":{"line":121,"column":10}},"121":{"start":{"line":122,"column":0},"end":{"line":122,"column":19}},"122":{"start":{"line":123,"column":0},"end":{"line":123,"column":0}},"123":{"start":{"line":124,"column":0},"end":{"line":124,"column":14}},"124":{"start":{"line":125,"column":0},"end":{"line":125,"column":27}},"125":{"start":{"line":126,"column":0},"end":{"line":126,"column":5}},"126":{"start":{"line":127,"column":0},"end":{"line":127,"column":4}},"127":{"start":{"line":128,"column":0},"end":{"line":128,"column":0}},"128":{"start":{"line":129,"column":0},"end":{"line":129,"column":53}},"129":{"start":{"line":130,"column":0},"end":{"line":130,"column":0}},"130":{"start":{"line":131,"column":0},"end":{"line":131,"column":32}},"131":{"start":{"line":132,"column":0},"end":{"line":132,"column":63}},"132":{"start":{"line":133,"column":0},"end":{"line":133,"column":4}},"133":{"start":{"line":134,"column":0},"end":{"line":134,"column":0}},"134":{"start":{"line":135,"column":0},"end":{"line":135,"column":18}},"135":{"start":{"line":136,"column":0},"end":{"line":136,"column":1}},"136":{"start":{"line":137,"column":0},"end":{"line":137,"column":0}},"137":{"start":{"line":138,"column":0},"end":{"line":138,"column":41}},"138":{"start":{"line":139,"column":0},"end":{"line":139,"column":34}},"139":{"start":{"line":140,"column":0},"end":{"line":140,"column":26}},"140":{"start":{"line":141,"column":0},"end":{"line":141,"column":44}},"141":{"start":{"line":142,"column":0},"end":{"line":142,"column":0}},"142":{"start":{"line":143,"column":0},"end":{"line":143,"column":28}},"143":{"start":{"line":144,"column":0},"end":{"line":144,"column":52}},"144":{"start":{"line":145,"column":0},"end":{"line":145,"column":14}},"145":{"start":{"line":146,"column":0},"end":{"line":146,"column":34}},"146":{"start":{"line":147,"column":0},"end":{"line":147,"column":8}},"147":{"start":{"line":148,"column":0},"end":{"line":148,"column":0}},"148":{"start":{"line":149,"column":0},"end":{"line":149,"column":39}},"149":{"start":{"line":150,"column":0},"end":{"line":150,"column":18}},"150":{"start":{"line":151,"column":0},"end":{"line":151,"column":34}},"151":{"start":{"line":152,"column":0},"end":{"line":152,"column":68}},"152":{"start":{"line":153,"column":0},"end":{"line":153,"column":10}},"153":{"start":{"line":154,"column":0},"end":{"line":154,"column":25}},"154":{"start":{"line":155,"column":0},"end":{"line":155,"column":7}},"155":{"start":{"line":156,"column":0},"end":{"line":156,"column":7}},"156":{"start":{"line":157,"column":0},"end":{"line":157,"column":10}},"157":{"start":{"line":158,"column":0},"end":{"line":158,"column":47}},"158":{"start":{"line":159,"column":0},"end":{"line":159,"column":14}},"159":{"start":{"line":160,"column":0},"end":{"line":160,"column":34}},"160":{"start":{"line":161,"column":0},"end":{"line":161,"column":8}},"161":{"start":{"line":162,"column":0},"end":{"line":162,"column":0}},"162":{"start":{"line":163,"column":0},"end":{"line":163,"column":39}},"163":{"start":{"line":164,"column":0},"end":{"line":164,"column":18}},"164":{"start":{"line":165,"column":0},"end":{"line":165,"column":34}},"165":{"start":{"line":166,"column":0},"end":{"line":166,"column":59}},"166":{"start":{"line":167,"column":0},"end":{"line":167,"column":10}},"167":{"start":{"line":168,"column":0},"end":{"line":168,"column":25}},"168":{"start":{"line":169,"column":0},"end":{"line":169,"column":7}},"169":{"start":{"line":170,"column":0},"end":{"line":170,"column":7}},"170":{"start":{"line":171,"column":0},"end":{"line":171,"column":3}},"171":{"start":{"line":172,"column":0},"end":{"line":172,"column":0}},"172":{"start":{"line":173,"column":0},"end":{"line":173,"column":34}},"173":{"start":{"line":174,"column":0},"end":{"line":174,"column":70}},"174":{"start":{"line":175,"column":0},"end":{"line":175,"column":4}},"175":{"start":{"line":176,"column":0},"end":{"line":176,"column":18}},"176":{"start":{"line":177,"column":0},"end":{"line":177,"column":1}},"177":{"start":{"line":178,"column":0},"end":{"line":178,"column":0}},"178":{"start":{"line":179,"column":0},"end":{"line":179,"column":24}},"179":{"start":{"line":180,"column":0},"end":{"line":180,"column":26}},"180":{"start":{"line":181,"column":0},"end":{"line":181,"column":27}},"181":{"start":{"line":182,"column":0},"end":{"line":182,"column":16}},"182":{"start":{"line":183,"column":0},"end":{"line":183,"column":22}},"183":{"start":{"line":184,"column":0},"end":{"line":184,"column":33}},"184":{"start":{"line":185,"column":0},"end":{"line":185,"column":5}},"185":{"start":{"line":186,"column":0},"end":{"line":186,"column":53}},"186":{"start":{"line":187,"column":0},"end":{"line":187,"column":40}},"187":{"start":{"line":188,"column":0},"end":{"line":188,"column":9}},"188":{"start":{"line":189,"column":0},"end":{"line":189,"column":10}},"189":{"start":{"line":190,"column":0},"end":{"line":190,"column":0}},"190":{"start":{"line":191,"column":0},"end":{"line":191,"column":71}},"191":{"start":{"line":192,"column":0},"end":{"line":192,"column":66}},"192":{"start":{"line":193,"column":0},"end":{"line":193,"column":36}},"193":{"start":{"line":194,"column":0},"end":{"line":194,"column":5}},"194":{"start":{"line":195,"column":0},"end":{"line":195,"column":0}},"195":{"start":{"line":196,"column":0},"end":{"line":196,"column":27}},"196":{"start":{"line":197,"column":0},"end":{"line":197,"column":37}},"197":{"start":{"line":198,"column":0},"end":{"line":198,"column":39}},"198":{"start":{"line":199,"column":0},"end":{"line":199,"column":72}},"199":{"start":{"line":200,"column":0},"end":{"line":200,"column":17}},"200":{"start":{"line":201,"column":0},"end":{"line":201,"column":34}},"201":{"start":{"line":202,"column":0},"end":{"line":202,"column":10}},"202":{"start":{"line":203,"column":0},"end":{"line":203,"column":8}},"203":{"start":{"line":204,"column":0},"end":{"line":204,"column":40}},"204":{"start":{"line":205,"column":0},"end":{"line":205,"column":28}},"205":{"start":{"line":206,"column":0},"end":{"line":206,"column":12}},"206":{"start":{"line":207,"column":0},"end":{"line":207,"column":20}},"207":{"start":{"line":208,"column":0},"end":{"line":208,"column":5}},"208":{"start":{"line":209,"column":0},"end":{"line":209,"column":5}},"209":{"start":{"line":210,"column":0},"end":{"line":210,"column":13}},"210":{"start":{"line":211,"column":0},"end":{"line":211,"column":1}},"211":{"start":{"line":212,"column":0},"end":{"line":212,"column":0}},"212":{"start":{"line":213,"column":0},"end":{"line":213,"column":33}},"213":{"start":{"line":214,"column":0},"end":{"line":214,"column":26}},"214":{"start":{"line":215,"column":0},"end":{"line":215,"column":27}},"215":{"start":{"line":216,"column":0},"end":{"line":216,"column":31}},"216":{"start":{"line":217,"column":0},"end":{"line":217,"column":71}},"217":{"start":{"line":218,"column":0},"end":{"line":218,"column":1}}},"s":{"0":1,"1":1,"2":1,"3":1,"4":1,"5":1,"6":0,"7":0,"8":0,"9":0,"10":0,"11":0,"12":0,"13":0,"14":0,"15":0,"16":0,"17":0,"18":0,"19":0,"20":0,"21":0,"22":0,"23":0,"24":0,"25":0,"26":0,"27":0,"28":0,"29":0,"30":0,"31":0,"32":0,"33":0,"34":0,"35":0,"36":0,"37":0,"38":0,"39":0,"40":0,"41":0,"42":0,"43":0,"44":0,"45":0,"46":0,"47":0,"48":0,"49":0,"50":0,"51":0,"52":0,"53":0,"54":0,"55":0,"56":0,"57":0,"58":0,"59":0,"60":0,"61":0,"62":0,"63":0,"64":0,"65":0,"66":0,"67":0,"68":0,"69":0,"70":0,"71":0,"72":0,"73":0,"74":0,"75":0,"76":0,"77":0,"78":0,"79":0,"80":0,"81":0,"82":0,"83":0,"84":0,"85":0,"86":0,"87":0,"88":0,"89":0,"90":0,"91":0,"92":0,"93":0,"94":0,"95":0,"96":0,"97":0,"98":0,"99":0,"100":0,"101":0,"102":0,"103":0,"104":0,"105":0,"106":0,"107":0,"108":0,"109":0,"110":0,"111":0,"112":0,"113":0,"114":0,"115":0,"116":0,"117":0,"118":0,"119":0,"120":0,"121":0,"122":0,"123":0,"124":0,"125":0,"126":0,"127":0,"128":0,"129":0,"130":0,"131":0,"132":0,"133":0,"134":0,"135":0,"136":1,"137":1,"138":0,"139":0,"140":0,"141":0,"142":0,"143":0,"144":0,"145":0,"146":0,"147":0,"148":0,"149":0,"150":0,"151":0,"152":0,"153":0,"154":0,"155":0,"156":0,"157":0,"158":0,"159":0,"160":0,"161":0,"162":0,"163":0,"164":0,"165":0,"166":0,"167":0,"168":0,"169":0,"170":0,"171":0,"172":0,"173":0,"174":0,"175":0,"176":0,"177":1,"178":1,"179":1,"180":1,"181":1,"182":1,"183":1,"184":1,"185":1,"186":1,"187":1,"188":1,"189":1,"190":50,"191":50,"192":26,"193":50,"194":50,"195":50,"196":50,"197":63,"198":4,"199":4,"200":11,"201":11,"202":4,"203":4,"204":4,"205":63,"206":59,"207":59,"208":50,"209":50,"210":50,"211":1,"212":1,"213":46,"214":46,"215":46,"216":46,"217":46},"branchMap":{"0":{"type":"branch","line":191,"loc":{"start":{"line":191,"column":0},"end":{"line":211,"column":1}},"locations":[{"start":{"line":191,"column":0},"end":{"line":211,"column":1}}]},"1":{"type":"branch","line":192,"loc":{"start":{"line":192,"column":45},"end":{"line":194,"column":3}},"locations":[{"start":{"line":192,"column":45},"end":{"line":194,"column":3}}]},"2":{"type":"branch","line":197,"loc":{"start":{"line":197,"column":18},"end":{"line":209,"column":3}},"locations":[{"start":{"line":197,"column":18},"end":{"line":209,"column":3}}]},"3":{"type":"branch","line":198,"loc":{"start":{"line":198,"column":38},"end":{"line":206,"column":11}},"locations":[{"start":{"line":198,"column":38},"end":{"line":206,"column":11}}]},"4":{"type":"branch","line":206,"loc":{"start":{"line":206,"column":4},"end":{"line":208,"column":5}},"locations":[{"start":{"line":206,"column":4},"end":{"line":208,"column":5}}]},"5":{"type":"branch","line":200,"loc":{"start":{"line":200,"column":8},"end":{"line":202,"column":10}},"locations":[{"start":{"line":200,"column":8},"end":{"line":202,"column":10}}]},"6":{"type":"branch","line":213,"loc":{"start":{"line":213,"column":7},"end":{"line":218,"column":1}},"locations":[{"start":{"line":213,"column":7},"end":{"line":218,"column":1}}]}},"b":{"0":[50],"1":[26],"2":[63],"3":[4],"4":[59],"5":[11],"6":[46]},"fnMap":{"0":{"name":"inStreamSearchAdapterKey","decl":{"start":{"line":6,"column":7},"end":{"line":136,"column":1}},"loc":{"start":{"line":6,"column":7},"end":{"line":136,"column":1}},"line":6},"1":{"name":"inStreamSearchAdapter","decl":{"start":{"line":138,"column":7},"end":{"line":177,"column":1}},"loc":{"start":{"line":138,"column":7},"end":{"line":177,"column":1}},"line":138},"2":{"name":"_zodDecomposeKeys","decl":{"start":{"line":191,"column":0},"end":{"line":211,"column":1}},"loc":{"start":{"line":191,"column":0},"end":{"line":211,"column":1}},"line":191},"3":{"name":"zodDecomposeKeys","decl":{"start":{"line":213,"column":7},"end":{"line":218,"column":1}},"loc":{"start":{"line":213,"column":7},"end":{"line":218,"column":1}},"line":213}},"f":{"0":0,"1":0,"2":50,"3":46}}
,"/workspace/core-data/src/adapters/arrayDB.ts": {"path":"/workspace/core-data/src/adapters/arrayDB.ts","all":false,"statementMap":{"0":{"start":{"line":1,"column":0},"end":{"line":1,"column":47}},"1":{"start":{"line":2,"column":0},"end":{"line":2,"column":69}},"2":{"start":{"line":3,"column":0},"end":{"line":3,"column":43}},"3":{"start":{"line":4,"column":0},"end":{"line":4,"column":32}},"4":{"start":{"line":5,"column":0},"end":{"line":5,"column":37}},"5":{"start":{"line":6,"column":0},"end":{"line":6,"column":8}},"6":{"start":{"line":7,"column":0},"end":{"line":7,"column":8}},"7":{"start":{"line":8,"column":0},"end":{"line":8,"column":24}},"8":{"start":{"line":9,"column":0},"end":{"line":9,"column":23}},"9":{"start":{"line":10,"column":0},"end":{"line":10,"column":24}},"10":{"start":{"line":11,"column":0},"end":{"line":11,"column":5}},"11":{"start":{"line":12,"column":0},"end":{"line":12,"column":13}},"12":{"start":{"line":13,"column":0},"end":{"line":13,"column":13}},"13":{"start":{"line":14,"column":0},"end":{"line":14,"column":9}},"14":{"start":{"line":15,"column":0},"end":{"line":15,"column":21}},"15":{"start":{"line":16,"column":0},"end":{"line":16,"column":68}},"16":{"start":{"line":17,"column":0},"end":{"line":17,"column":31}},"17":{"start":{"line":18,"column":0},"end":{"line":18,"column":8}},"18":{"start":{"line":19,"column":0},"end":{"line":19,"column":8}},"19":{"start":{"line":20,"column":0},"end":{"line":20,"column":11}},"20":{"start":{"line":21,"column":0},"end":{"line":21,"column":13}},"21":{"start":{"line":22,"column":0},"end":{"line":22,"column":12}},"22":{"start":{"line":23,"column":0},"end":{"line":23,"column":12}},"23":{"start":{"line":24,"column":0},"end":{"line":24,"column":13}},"24":{"start":{"line":25,"column":0},"end":{"line":25,"column":18}},"25":{"start":{"line":26,"column":0},"end":{"line":26,"column":12}},"26":{"start":{"line":27,"column":0},"end":{"line":27,"column":16}},"27":{"start":{"line":28,"column":0},"end":{"line":28,"column":10}},"28":{"start":{"line":29,"column":0},"end":{"line":29,"column":11}},"29":{"start":{"line":30,"column":0},"end":{"line":30,"column":16}},"30":{"start":{"line":31,"column":0},"end":{"line":31,"column":10}},"31":{"start":{"line":32,"column":0},"end":{"line":32,"column":14}},"32":{"start":{"line":33,"column":0},"end":{"line":33,"column":12}},"33":{"start":{"line":34,"column":0},"end":{"line":34,"column":13}},"34":{"start":{"line":35,"column":0},"end":{"line":35,"column":18}},"35":{"start":{"line":36,"column":0},"end":{"line":36,"column":12}},"36":{"start":{"line":37,"column":0},"end":{"line":37,"column":16}},"37":{"start":{"line":38,"column":0},"end":{"line":38,"column":13}},"38":{"start":{"line":39,"column":0},"end":{"line":39,"column":14}},"39":{"start":{"line":40,"column":0},"end":{"line":40,"column":15}},"40":{"start":{"line":41,"column":0},"end":{"line":41,"column":20}},"41":{"start":{"line":42,"column":0},"end":{"line":42,"column":14}},"42":{"start":{"line":43,"column":0},"end":{"line":43,"column":18}},"43":{"start":{"line":44,"column":0},"end":{"line":44,"column":9}},"44":{"start":{"line":45,"column":0},"end":{"line":45,"column":10}},"45":{"start":{"line":46,"column":0},"end":{"line":46,"column":15}},"46":{"start":{"line":47,"column":0},"end":{"line":47,"column":9}},"47":{"start":{"line":48,"column":0},"end":{"line":48,"column":13}},"48":{"start":{"line":49,"column":0},"end":{"line":49,"column":12}},"49":{"start":{"line":50,"column":0},"end":{"line":50,"column":13}},"50":{"start":{"line":51,"column":0},"end":{"line":51,"column":18}},"51":{"start":{"line":52,"column":0},"end":{"line":52,"column":12}},"52":{"start":{"line":53,"column":0},"end":{"line":53,"column":16}},"53":{"start":{"line":54,"column":0},"end":{"line":54,"column":13}},"54":{"start":{"line":55,"column":0},"end":{"line":55,"column":12}},"55":{"start":{"line":56,"column":0},"end":{"line":56,"column":5}},"56":{"start":{"line":57,"column":0},"end":{"line":57,"column":23}},"57":{"start":{"line":58,"column":0},"end":{"line":58,"column":57}},"58":{"start":{"line":59,"column":0},"end":{"line":59,"column":8}},"59":{"start":{"line":60,"column":0},"end":{"line":60,"column":24}},"60":{"start":{"line":61,"column":0},"end":{"line":61,"column":19}},"61":{"start":{"line":62,"column":0},"end":{"line":62,"column":29}},"62":{"start":{"line":63,"column":0},"end":{"line":63,"column":0}},"63":{"start":{"line":64,"column":0},"end":{"line":64,"column":40}},"64":{"start":{"line":65,"column":0},"end":{"line":65,"column":47}},"65":{"start":{"line":66,"column":0},"end":{"line":66,"column":5}},"66":{"start":{"line":67,"column":0},"end":{"line":67,"column":0}},"67":{"start":{"line":68,"column":0},"end":{"line":68,"column":33}},"68":{"start":{"line":69,"column":0},"end":{"line":69,"column":39}},"69":{"start":{"line":70,"column":0},"end":{"line":70,"column":20}},"70":{"start":{"line":71,"column":0},"end":{"line":71,"column":38}},"71":{"start":{"line":72,"column":0},"end":{"line":72,"column":29}},"72":{"start":{"line":73,"column":0},"end":{"line":73,"column":17}},"73":{"start":{"line":74,"column":0},"end":{"line":74,"column":2}},"74":{"start":{"line":75,"column":0},"end":{"line":75,"column":0}},"75":{"start":{"line":76,"column":0},"end":{"line":76,"column":75}},"76":{"start":{"line":77,"column":0},"end":{"line":77,"column":23}},"77":{"start":{"line":78,"column":0},"end":{"line":78,"column":39}},"78":{"start":{"line":79,"column":0},"end":{"line":79,"column":24}},"79":{"start":{"line":80,"column":0},"end":{"line":80,"column":53}},"80":{"start":{"line":81,"column":0},"end":{"line":81,"column":47}},"81":{"start":{"line":82,"column":0},"end":{"line":82,"column":32}},"82":{"start":{"line":83,"column":0},"end":{"line":83,"column":47}},"83":{"start":{"line":84,"column":0},"end":{"line":84,"column":36}},"84":{"start":{"line":85,"column":0},"end":{"line":85,"column":0}},"85":{"start":{"line":86,"column":0},"end":{"line":86,"column":20}},"86":{"start":{"line":87,"column":0},"end":{"line":87,"column":20}},"87":{"start":{"line":88,"column":0},"end":{"line":88,"column":30}},"88":{"start":{"line":89,"column":0},"end":{"line":89,"column":5}},"89":{"start":{"line":90,"column":0},"end":{"line":90,"column":14}},"90":{"start":{"line":91,"column":0},"end":{"line":91,"column":3}},"91":{"start":{"line":92,"column":0},"end":{"line":92,"column":0}},"92":{"start":{"line":93,"column":0},"end":{"line":93,"column":24}},"93":{"start":{"line":94,"column":0},"end":{"line":94,"column":20}},"94":{"start":{"line":95,"column":0},"end":{"line":95,"column":34}},"95":{"start":{"line":96,"column":0},"end":{"line":96,"column":5}},"96":{"start":{"line":97,"column":0},"end":{"line":97,"column":14}},"97":{"start":{"line":98,"column":0},"end":{"line":98,"column":3}},"98":{"start":{"line":99,"column":0},"end":{"line":99,"column":0}},"99":{"start":{"line":100,"column":0},"end":{"line":100,"column":52}},"100":{"start":{"line":101,"column":0},"end":{"line":101,"column":53}},"101":{"start":{"line":102,"column":0},"end":{"line":102,"column":29}},"102":{"start":{"line":103,"column":0},"end":{"line":103,"column":70}},"103":{"start":{"line":104,"column":0},"end":{"line":104,"column":27}},"104":{"start":{"line":105,"column":0},"end":{"line":105,"column":35}},"105":{"start":{"line":106,"column":0},"end":{"line":106,"column":57}},"106":{"start":{"line":107,"column":0},"end":{"line":107,"column":12}},"107":{"start":{"line":108,"column":0},"end":{"line":108,"column":9}},"108":{"start":{"line":109,"column":0},"end":{"line":109,"column":9}},"109":{"start":{"line":110,"column":0},"end":{"line":110,"column":7}},"110":{"start":{"line":111,"column":0},"end":{"line":111,"column":20}},"111":{"start":{"line":112,"column":0},"end":{"line":112,"column":35}},"112":{"start":{"line":113,"column":0},"end":{"line":113,"column":4}},"113":{"start":{"line":114,"column":0},"end":{"line":114,"column":0}},"114":{"start":{"line":115,"column":0},"end":{"line":115,"column":47}},"115":{"start":{"line":116,"column":0},"end":{"line":116,"column":49}},"116":{"start":{"line":117,"column":0},"end":{"line":117,"column":4}},"117":{"start":{"line":118,"column":0},"end":{"line":118,"column":0}},"118":{"start":{"line":119,"column":0},"end":{"line":119,"column":15}},"119":{"start":{"line":120,"column":0},"end":{"line":120,"column":12}},"120":{"start":{"line":121,"column":0},"end":{"line":121,"column":12}},"121":{"start":{"line":122,"column":0},"end":{"line":122,"column":16}},"122":{"start":{"line":123,"column":0},"end":{"line":123,"column":21}},"123":{"start":{"line":124,"column":0},"end":{"line":124,"column":16}},"124":{"start":{"line":125,"column":0},"end":{"line":125,"column":25}},"125":{"start":{"line":126,"column":0},"end":{"line":126,"column":37}},"126":{"start":{"line":127,"column":0},"end":{"line":127,"column":27}},"127":{"start":{"line":128,"column":0},"end":{"line":128,"column":47}},"128":{"start":{"line":129,"column":0},"end":{"line":129,"column":36}},"129":{"start":{"line":130,"column":0},"end":{"line":130,"column":47}},"130":{"start":{"line":131,"column":0},"end":{"line":131,"column":23}},"131":{"start":{"line":132,"column":0},"end":{"line":132,"column":17}},"132":{"start":{"line":133,"column":0},"end":{"line":133,"column":0}},"133":{"start":{"line":134,"column":0},"end":{"line":134,"column":26}},"134":{"start":{"line":135,"column":0},"end":{"line":135,"column":30}},"135":{"start":{"line":136,"column":0},"end":{"line":136,"column":3}},"136":{"start":{"line":137,"column":0},"end":{"line":137,"column":0}},"137":{"start":{"line":138,"column":0},"end":{"line":138,"column":29}},"138":{"start":{"line":139,"column":0},"end":{"line":139,"column":12}},"139":{"start":{"line":140,"column":0},"end":{"line":140,"column":30}},"140":{"start":{"line":141,"column":0},"end":{"line":141,"column":28}},"141":{"start":{"line":142,"column":0},"end":{"line":142,"column":29}},"142":{"start":{"line":143,"column":0},"end":{"line":143,"column":6}},"143":{"start":{"line":144,"column":0},"end":{"line":144,"column":3}},"144":{"start":{"line":145,"column":0},"end":{"line":145,"column":0}},"145":{"start":{"line":146,"column":0},"end":{"line":146,"column":38}},"146":{"start":{"line":147,"column":0},"end":{"line":147,"column":62}},"147":{"start":{"line":148,"column":0},"end":{"line":148,"column":4}},"148":{"start":{"line":149,"column":0},"end":{"line":149,"column":0}},"149":{"start":{"line":150,"column":0},"end":{"line":150,"column":44}},"150":{"start":{"line":151,"column":0},"end":{"line":151,"column":35}},"151":{"start":{"line":152,"column":0},"end":{"line":152,"column":43}},"152":{"start":{"line":153,"column":0},"end":{"line":153,"column":31}},"153":{"start":{"line":154,"column":0},"end":{"line":154,"column":51}},"154":{"start":{"line":155,"column":0},"end":{"line":155,"column":34}},"155":{"start":{"line":156,"column":0},"end":{"line":156,"column":0}},"156":{"start":{"line":157,"column":0},"end":{"line":157,"column":44}},"157":{"start":{"line":158,"column":0},"end":{"line":158,"column":37}},"158":{"start":{"line":159,"column":0},"end":{"line":159,"column":43}},"159":{"start":{"line":160,"column":0},"end":{"line":160,"column":62}},"160":{"start":{"line":161,"column":0},"end":{"line":161,"column":5}},"161":{"start":{"line":162,"column":0},"end":{"line":162,"column":16}},"162":{"start":{"line":163,"column":0},"end":{"line":163,"column":4}},"163":{"start":{"line":164,"column":0},"end":{"line":164,"column":0}},"164":{"start":{"line":165,"column":0},"end":{"line":165,"column":47}},"165":{"start":{"line":166,"column":0},"end":{"line":166,"column":35}},"166":{"start":{"line":167,"column":0},"end":{"line":167,"column":43}},"167":{"start":{"line":168,"column":0},"end":{"line":168,"column":31}},"168":{"start":{"line":169,"column":0},"end":{"line":169,"column":51}},"169":{"start":{"line":170,"column":0},"end":{"line":170,"column":34}},"170":{"start":{"line":171,"column":0},"end":{"line":171,"column":0}},"171":{"start":{"line":172,"column":0},"end":{"line":172,"column":44}},"172":{"start":{"line":173,"column":0},"end":{"line":173,"column":37}},"173":{"start":{"line":174,"column":0},"end":{"line":174,"column":43}},"174":{"start":{"line":175,"column":0},"end":{"line":175,"column":62}},"175":{"start":{"line":176,"column":0},"end":{"line":176,"column":5}},"176":{"start":{"line":177,"column":0},"end":{"line":177,"column":16}},"177":{"start":{"line":178,"column":0},"end":{"line":178,"column":4}},"178":{"start":{"line":179,"column":0},"end":{"line":179,"column":0}},"179":{"start":{"line":180,"column":0},"end":{"line":180,"column":33}},"180":{"start":{"line":181,"column":0},"end":{"line":181,"column":30}},"181":{"start":{"line":182,"column":0},"end":{"line":182,"column":25}},"182":{"start":{"line":183,"column":0},"end":{"line":183,"column":8}},"183":{"start":{"line":184,"column":0},"end":{"line":184,"column":48}},"184":{"start":{"line":185,"column":0},"end":{"line":185,"column":4}},"185":{"start":{"line":186,"column":0},"end":{"line":186,"column":0}},"186":{"start":{"line":187,"column":0},"end":{"line":187,"column":16}},"187":{"start":{"line":188,"column":0},"end":{"line":188,"column":24}},"188":{"start":{"line":189,"column":0},"end":{"line":189,"column":3}},"189":{"start":{"line":190,"column":0},"end":{"line":190,"column":0}},"190":{"start":{"line":191,"column":0},"end":{"line":191,"column":14}},"191":{"start":{"line":192,"column":0},"end":{"line":192,"column":32}},"192":{"start":{"line":193,"column":0},"end":{"line":193,"column":36}},"193":{"start":{"line":194,"column":0},"end":{"line":194,"column":3}},"194":{"start":{"line":195,"column":0},"end":{"line":195,"column":0}},"195":{"start":{"line":196,"column":0},"end":{"line":196,"column":16}},"196":{"start":{"line":197,"column":0},"end":{"line":197,"column":35}},"197":{"start":{"line":198,"column":0},"end":{"line":198,"column":3}},"198":{"start":{"line":199,"column":0},"end":{"line":199,"column":0}},"199":{"start":{"line":200,"column":0},"end":{"line":200,"column":58}},"200":{"start":{"line":201,"column":0},"end":{"line":201,"column":75}},"201":{"start":{"line":202,"column":0},"end":{"line":202,"column":38}},"202":{"start":{"line":203,"column":0},"end":{"line":203,"column":55}},"203":{"start":{"line":204,"column":0},"end":{"line":204,"column":0}},"204":{"start":{"line":205,"column":0},"end":{"line":205,"column":44}},"205":{"start":{"line":206,"column":0},"end":{"line":206,"column":51}},"206":{"start":{"line":207,"column":0},"end":{"line":207,"column":45}},"207":{"start":{"line":208,"column":0},"end":{"line":208,"column":8}},"208":{"start":{"line":209,"column":0},"end":{"line":209,"column":30}},"209":{"start":{"line":210,"column":0},"end":{"line":210,"column":36}},"210":{"start":{"line":211,"column":0},"end":{"line":211,"column":5}},"211":{"start":{"line":212,"column":0},"end":{"line":212,"column":45}},"212":{"start":{"line":213,"column":0},"end":{"line":213,"column":0}},"213":{"start":{"line":214,"column":0},"end":{"line":214,"column":41}},"214":{"start":{"line":215,"column":0},"end":{"line":215,"column":54}},"215":{"start":{"line":216,"column":0},"end":{"line":216,"column":20}},"216":{"start":{"line":217,"column":0},"end":{"line":217,"column":8}},"217":{"start":{"line":218,"column":0},"end":{"line":218,"column":44}},"218":{"start":{"line":219,"column":0},"end":{"line":219,"column":54}},"219":{"start":{"line":220,"column":0},"end":{"line":220,"column":4}},"220":{"start":{"line":221,"column":0},"end":{"line":221,"column":0}},"221":{"start":{"line":222,"column":0},"end":{"line":222,"column":19}},"222":{"start":{"line":223,"column":0},"end":{"line":223,"column":19}},"223":{"start":{"line":224,"column":0},"end":{"line":224,"column":71}},"224":{"start":{"line":225,"column":0},"end":{"line":225,"column":15}},"225":{"start":{"line":226,"column":0},"end":{"line":226,"column":18}},"226":{"start":{"line":227,"column":0},"end":{"line":227,"column":21}},"227":{"start":{"line":228,"column":0},"end":{"line":228,"column":6}},"228":{"start":{"line":229,"column":0},"end":{"line":229,"column":15}},"229":{"start":{"line":230,"column":0},"end":{"line":230,"column":18}},"230":{"start":{"line":231,"column":0},"end":{"line":231,"column":21}},"231":{"start":{"line":232,"column":0},"end":{"line":232,"column":6}},"232":{"start":{"line":233,"column":0},"end":{"line":233,"column":20}},"233":{"start":{"line":234,"column":0},"end":{"line":234,"column":5}},"234":{"start":{"line":235,"column":0},"end":{"line":235,"column":0}},"235":{"start":{"line":236,"column":0},"end":{"line":236,"column":42}},"236":{"start":{"line":237,"column":0},"end":{"line":237,"column":20}},"237":{"start":{"line":238,"column":0},"end":{"line":238,"column":16}},"238":{"start":{"line":239,"column":0},"end":{"line":239,"column":19}},"239":{"start":{"line":240,"column":0},"end":{"line":240,"column":5}},"240":{"start":{"line":241,"column":0},"end":{"line":241,"column":62}},"241":{"start":{"line":242,"column":0},"end":{"line":242,"column":19}},"242":{"start":{"line":243,"column":0},"end":{"line":243,"column":10}},"243":{"start":{"line":244,"column":0},"end":{"line":244,"column":20}},"244":{"start":{"line":245,"column":0},"end":{"line":245,"column":14}},"245":{"start":{"line":246,"column":0},"end":{"line":246,"column":23}},"246":{"start":{"line":247,"column":0},"end":{"line":247,"column":17}},"247":{"start":{"line":248,"column":0},"end":{"line":248,"column":3}},"248":{"start":{"line":249,"column":0},"end":{"line":249,"column":0}},"249":{"start":{"line":250,"column":0},"end":{"line":250,"column":45}},"250":{"start":{"line":251,"column":0},"end":{"line":251,"column":35}},"251":{"start":{"line":252,"column":0},"end":{"line":252,"column":17}},"252":{"start":{"line":253,"column":0},"end":{"line":253,"column":19}},"253":{"start":{"line":254,"column":0},"end":{"line":254,"column":19}},"254":{"start":{"line":255,"column":0},"end":{"line":255,"column":6}},"255":{"start":{"line":256,"column":0},"end":{"line":256,"column":15}},"256":{"start":{"line":257,"column":0},"end":{"line":257,"column":4}},"257":{"start":{"line":258,"column":0},"end":{"line":258,"column":0}},"258":{"start":{"line":259,"column":0},"end":{"line":259,"column":15}},"259":{"start":{"line":260,"column":0},"end":{"line":260,"column":0}},"260":{"start":{"line":261,"column":0},"end":{"line":261,"column":20}},"261":{"start":{"line":262,"column":0},"end":{"line":262,"column":45}},"262":{"start":{"line":263,"column":0},"end":{"line":263,"column":29}},"263":{"start":{"line":264,"column":0},"end":{"line":264,"column":29}},"264":{"start":{"line":265,"column":0},"end":{"line":265,"column":30}},"265":{"start":{"line":266,"column":0},"end":{"line":266,"column":37}},"266":{"start":{"line":267,"column":0},"end":{"line":267,"column":68}},"267":{"start":{"line":268,"column":0},"end":{"line":268,"column":41}},"268":{"start":{"line":269,"column":0},"end":{"line":269,"column":7}},"269":{"start":{"line":270,"column":0},"end":{"line":270,"column":61}},"270":{"start":{"line":271,"column":0},"end":{"line":271,"column":44}},"271":{"start":{"line":272,"column":0},"end":{"line":272,"column":20}},"272":{"start":{"line":273,"column":0},"end":{"line":273,"column":3}},"273":{"start":{"line":274,"column":0},"end":{"line":274,"column":0}},"274":{"start":{"line":275,"column":0},"end":{"line":275,"column":55}},"275":{"start":{"line":276,"column":0},"end":{"line":276,"column":61}},"276":{"start":{"line":277,"column":0},"end":{"line":277,"column":37}},"277":{"start":{"line":278,"column":0},"end":{"line":278,"column":68}},"278":{"start":{"line":279,"column":0},"end":{"line":279,"column":41}},"279":{"start":{"line":280,"column":0},"end":{"line":280,"column":7}},"280":{"start":{"line":281,"column":0},"end":{"line":281,"column":0}},"281":{"start":{"line":282,"column":0},"end":{"line":282,"column":46}},"282":{"start":{"line":283,"column":0},"end":{"line":283,"column":34}},"283":{"start":{"line":284,"column":0},"end":{"line":284,"column":66}},"284":{"start":{"line":285,"column":0},"end":{"line":285,"column":18}},"285":{"start":{"line":286,"column":0},"end":{"line":286,"column":14}},"286":{"start":{"line":287,"column":0},"end":{"line":287,"column":21}},"287":{"start":{"line":288,"column":0},"end":{"line":288,"column":10}},"288":{"start":{"line":289,"column":0},"end":{"line":289,"column":33}},"289":{"start":{"line":290,"column":0},"end":{"line":290,"column":16}},"290":{"start":{"line":291,"column":0},"end":{"line":291,"column":4}},"291":{"start":{"line":292,"column":0},"end":{"line":292,"column":0}},"292":{"start":{"line":293,"column":0},"end":{"line":293,"column":58}},"293":{"start":{"line":294,"column":0},"end":{"line":294,"column":23}},"294":{"start":{"line":295,"column":0},"end":{"line":295,"column":54}},"295":{"start":{"line":296,"column":0},"end":{"line":296,"column":39}},"296":{"start":{"line":297,"column":0},"end":{"line":297,"column":7}},"297":{"start":{"line":298,"column":0},"end":{"line":298,"column":4}},"298":{"start":{"line":299,"column":0},"end":{"line":299,"column":0}},"299":{"start":{"line":300,"column":0},"end":{"line":300,"column":28}},"300":{"start":{"line":301,"column":0},"end":{"line":301,"column":20}},"301":{"start":{"line":302,"column":0},"end":{"line":302,"column":16}},"302":{"start":{"line":303,"column":0},"end":{"line":303,"column":19}},"303":{"start":{"line":304,"column":0},"end":{"line":304,"column":8}},"304":{"start":{"line":305,"column":0},"end":{"line":305,"column":70}},"305":{"start":{"line":306,"column":0},"end":{"line":306,"column":33}},"306":{"start":{"line":307,"column":0},"end":{"line":307,"column":43}},"307":{"start":{"line":308,"column":0},"end":{"line":308,"column":17}},"308":{"start":{"line":309,"column":0},"end":{"line":309,"column":4}},"309":{"start":{"line":310,"column":0},"end":{"line":310,"column":15}},"310":{"start":{"line":311,"column":0},"end":{"line":311,"column":0}},"311":{"start":{"line":312,"column":0},"end":{"line":312,"column":38}},"312":{"start":{"line":313,"column":0},"end":{"line":313,"column":12}},"313":{"start":{"line":314,"column":0},"end":{"line":314,"column":17}},"314":{"start":{"line":315,"column":0},"end":{"line":315,"column":12}},"315":{"start":{"line":316,"column":0},"end":{"line":316,"column":9}},"316":{"start":{"line":317,"column":0},"end":{"line":317,"column":40}},"317":{"start":{"line":318,"column":0},"end":{"line":318,"column":46}},"318":{"start":{"line":319,"column":0},"end":{"line":319,"column":21}},"319":{"start":{"line":320,"column":0},"end":{"line":320,"column":38}},"320":{"start":{"line":321,"column":0},"end":{"line":321,"column":12}},"321":{"start":{"line":322,"column":0},"end":{"line":322,"column":44}},"322":{"start":{"line":323,"column":0},"end":{"line":323,"column":8}},"323":{"start":{"line":324,"column":0},"end":{"line":324,"column":5}},"324":{"start":{"line":325,"column":0},"end":{"line":325,"column":17}},"325":{"start":{"line":326,"column":0},"end":{"line":326,"column":0}},"326":{"start":{"line":327,"column":0},"end":{"line":327,"column":37}},"327":{"start":{"line":328,"column":0},"end":{"line":328,"column":53}},"328":{"start":{"line":329,"column":0},"end":{"line":329,"column":6}},"329":{"start":{"line":330,"column":0},"end":{"line":330,"column":0}},"330":{"start":{"line":331,"column":0},"end":{"line":331,"column":68}},"331":{"start":{"line":332,"column":0},"end":{"line":332,"column":34}},"332":{"start":{"line":333,"column":0},"end":{"line":333,"column":0}},"333":{"start":{"line":334,"column":0},"end":{"line":334,"column":22}},"334":{"start":{"line":335,"column":0},"end":{"line":335,"column":45}},"335":{"start":{"line":336,"column":0},"end":{"line":336,"column":40}},"336":{"start":{"line":337,"column":0},"end":{"line":337,"column":48}},"337":{"start":{"line":338,"column":0},"end":{"line":338,"column":42}},"338":{"start":{"line":339,"column":0},"end":{"line":339,"column":19}},"339":{"start":{"line":340,"column":0},"end":{"line":340,"column":0}},"340":{"start":{"line":341,"column":0},"end":{"line":341,"column":54}},"341":{"start":{"line":342,"column":0},"end":{"line":342,"column":42}},"342":{"start":{"line":343,"column":0},"end":{"line":343,"column":68}},"343":{"start":{"line":344,"column":0},"end":{"line":344,"column":16}},"344":{"start":{"line":345,"column":0},"end":{"line":345,"column":5}},"345":{"start":{"line":346,"column":0},"end":{"line":346,"column":0}},"346":{"start":{"line":347,"column":0},"end":{"line":347,"column":20}},"347":{"start":{"line":348,"column":0},"end":{"line":348,"column":37}},"348":{"start":{"line":349,"column":0},"end":{"line":349,"column":45}},"349":{"start":{"line":350,"column":0},"end":{"line":350,"column":40}},"350":{"start":{"line":351,"column":0},"end":{"line":351,"column":17}},"351":{"start":{"line":352,"column":0},"end":{"line":352,"column":0}},"352":{"start":{"line":353,"column":0},"end":{"line":353,"column":63}},"353":{"start":{"line":354,"column":0},"end":{"line":354,"column":56}},"354":{"start":{"line":355,"column":0},"end":{"line":355,"column":14}},"355":{"start":{"line":356,"column":0},"end":{"line":356,"column":4}},"356":{"start":{"line":357,"column":0},"end":{"line":357,"column":0}},"357":{"start":{"line":358,"column":0},"end":{"line":358,"column":58}},"358":{"start":{"line":359,"column":0},"end":{"line":359,"column":40}},"359":{"start":{"line":360,"column":0},"end":{"line":360,"column":46}},"360":{"start":{"line":361,"column":0},"end":{"line":361,"column":21}},"361":{"start":{"line":362,"column":0},"end":{"line":362,"column":38}},"362":{"start":{"line":363,"column":0},"end":{"line":363,"column":12}},"363":{"start":{"line":364,"column":0},"end":{"line":364,"column":44}},"364":{"start":{"line":365,"column":0},"end":{"line":365,"column":8}},"365":{"start":{"line":366,"column":0},"end":{"line":366,"column":5}},"366":{"start":{"line":367,"column":0},"end":{"line":367,"column":17}},"367":{"start":{"line":368,"column":0},"end":{"line":368,"column":0}},"368":{"start":{"line":369,"column":0},"end":{"line":369,"column":53}},"369":{"start":{"line":370,"column":0},"end":{"line":370,"column":30}},"370":{"start":{"line":371,"column":0},"end":{"line":371,"column":56}},"371":{"start":{"line":372,"column":0},"end":{"line":372,"column":14}},"372":{"start":{"line":373,"column":0},"end":{"line":373,"column":4}},"373":{"start":{"line":374,"column":0},"end":{"line":374,"column":0}},"374":{"start":{"line":375,"column":0},"end":{"line":375,"column":67}},"375":{"start":{"line":376,"column":0},"end":{"line":376,"column":40}},"376":{"start":{"line":377,"column":0},"end":{"line":377,"column":46}},"377":{"start":{"line":378,"column":0},"end":{"line":378,"column":21}},"378":{"start":{"line":379,"column":0},"end":{"line":379,"column":38}},"379":{"start":{"line":380,"column":0},"end":{"line":380,"column":12}},"380":{"start":{"line":381,"column":0},"end":{"line":381,"column":44}},"381":{"start":{"line":382,"column":0},"end":{"line":382,"column":8}},"382":{"start":{"line":383,"column":0},"end":{"line":383,"column":5}},"383":{"start":{"line":384,"column":0},"end":{"line":384,"column":17}},"384":{"start":{"line":385,"column":0},"end":{"line":385,"column":0}},"385":{"start":{"line":386,"column":0},"end":{"line":386,"column":62}},"386":{"start":{"line":387,"column":0},"end":{"line":387,"column":50}},"387":{"start":{"line":388,"column":0},"end":{"line":388,"column":17}},"388":{"start":{"line":389,"column":0},"end":{"line":389,"column":42}},"389":{"start":{"line":390,"column":0},"end":{"line":390,"column":69}},"390":{"start":{"line":391,"column":0},"end":{"line":391,"column":12}},"391":{"start":{"line":392,"column":0},"end":{"line":392,"column":46}},"392":{"start":{"line":393,"column":0},"end":{"line":393,"column":59}},"393":{"start":{"line":394,"column":0},"end":{"line":394,"column":5}},"394":{"start":{"line":395,"column":0},"end":{"line":395,"column":4}},"395":{"start":{"line":396,"column":0},"end":{"line":396,"column":0}},"396":{"start":{"line":397,"column":0},"end":{"line":397,"column":72}},"397":{"start":{"line":398,"column":0},"end":{"line":398,"column":46}},"398":{"start":{"line":399,"column":0},"end":{"line":399,"column":21}},"399":{"start":{"line":400,"column":0},"end":{"line":400,"column":38}},"400":{"start":{"line":401,"column":0},"end":{"line":401,"column":12}},"401":{"start":{"line":402,"column":0},"end":{"line":402,"column":44}},"402":{"start":{"line":403,"column":0},"end":{"line":403,"column":8}},"403":{"start":{"line":404,"column":0},"end":{"line":404,"column":5}},"404":{"start":{"line":405,"column":0},"end":{"line":405,"column":52}},"405":{"start":{"line":406,"column":0},"end":{"line":406,"column":27}},"406":{"start":{"line":407,"column":0},"end":{"line":407,"column":14}},"407":{"start":{"line":408,"column":0},"end":{"line":408,"column":27}},"408":{"start":{"line":409,"column":0},"end":{"line":409,"column":39}},"409":{"start":{"line":410,"column":0},"end":{"line":410,"column":69}},"410":{"start":{"line":411,"column":0},"end":{"line":411,"column":34}},"411":{"start":{"line":412,"column":0},"end":{"line":412,"column":72}},"412":{"start":{"line":413,"column":0},"end":{"line":413,"column":66}},"413":{"start":{"line":414,"column":0},"end":{"line":414,"column":59}},"414":{"start":{"line":415,"column":0},"end":{"line":415,"column":21}},"415":{"start":{"line":416,"column":0},"end":{"line":416,"column":37}},"416":{"start":{"line":417,"column":0},"end":{"line":417,"column":16}},"417":{"start":{"line":418,"column":0},"end":{"line":418,"column":26}},"418":{"start":{"line":419,"column":0},"end":{"line":419,"column":60}},"419":{"start":{"line":420,"column":0},"end":{"line":420,"column":20}},"420":{"start":{"line":421,"column":0},"end":{"line":421,"column":24}},"421":{"start":{"line":422,"column":0},"end":{"line":422,"column":17}},"422":{"start":{"line":423,"column":0},"end":{"line":423,"column":12}},"423":{"start":{"line":424,"column":0},"end":{"line":424,"column":40}},"424":{"start":{"line":425,"column":0},"end":{"line":425,"column":50}},"425":{"start":{"line":426,"column":0},"end":{"line":426,"column":23}},"426":{"start":{"line":427,"column":0},"end":{"line":427,"column":9}},"427":{"start":{"line":428,"column":0},"end":{"line":428,"column":32}},"428":{"start":{"line":429,"column":0},"end":{"line":429,"column":9}},"429":{"start":{"line":430,"column":0},"end":{"line":430,"column":37}},"430":{"start":{"line":431,"column":0},"end":{"line":431,"column":62}},"431":{"start":{"line":432,"column":0},"end":{"line":432,"column":20}},"432":{"start":{"line":433,"column":0},"end":{"line":433,"column":66}},"433":{"start":{"line":434,"column":0},"end":{"line":434,"column":9}},"434":{"start":{"line":435,"column":0},"end":{"line":435,"column":31}},"435":{"start":{"line":436,"column":0},"end":{"line":436,"column":22}},"436":{"start":{"line":437,"column":0},"end":{"line":437,"column":51}},"437":{"start":{"line":438,"column":0},"end":{"line":438,"column":62}},"438":{"start":{"line":439,"column":0},"end":{"line":439,"column":11}},"439":{"start":{"line":440,"column":0},"end":{"line":440,"column":14}},"440":{"start":{"line":441,"column":0},"end":{"line":441,"column":31}},"441":{"start":{"line":442,"column":0},"end":{"line":442,"column":22}},"442":{"start":{"line":443,"column":0},"end":{"line":443,"column":51}},"443":{"start":{"line":444,"column":0},"end":{"line":444,"column":41}},"444":{"start":{"line":445,"column":0},"end":{"line":445,"column":11}},"445":{"start":{"line":446,"column":0},"end":{"line":446,"column":7}},"446":{"start":{"line":447,"column":0},"end":{"line":447,"column":5}},"447":{"start":{"line":448,"column":0},"end":{"line":448,"column":0}},"448":{"start":{"line":449,"column":0},"end":{"line":449,"column":42}},"449":{"start":{"line":450,"column":0},"end":{"line":450,"column":64}},"450":{"start":{"line":451,"column":0},"end":{"line":451,"column":57}},"451":{"start":{"line":452,"column":0},"end":{"line":452,"column":0}},"452":{"start":{"line":453,"column":0},"end":{"line":453,"column":19}},"453":{"start":{"line":454,"column":0},"end":{"line":454,"column":35}},"454":{"start":{"line":455,"column":0},"end":{"line":455,"column":14}},"455":{"start":{"line":456,"column":0},"end":{"line":456,"column":24}},"456":{"start":{"line":457,"column":0},"end":{"line":457,"column":58}},"457":{"start":{"line":458,"column":0},"end":{"line":458,"column":18}},"458":{"start":{"line":459,"column":0},"end":{"line":459,"column":22}},"459":{"start":{"line":460,"column":0},"end":{"line":460,"column":14}},"460":{"start":{"line":461,"column":0},"end":{"line":461,"column":10}},"461":{"start":{"line":462,"column":0},"end":{"line":462,"column":38}},"462":{"start":{"line":463,"column":0},"end":{"line":463,"column":48}},"463":{"start":{"line":464,"column":0},"end":{"line":464,"column":21}},"464":{"start":{"line":465,"column":0},"end":{"line":465,"column":7}},"465":{"start":{"line":466,"column":0},"end":{"line":466,"column":30}},"466":{"start":{"line":467,"column":0},"end":{"line":467,"column":7}},"467":{"start":{"line":468,"column":0},"end":{"line":468,"column":0}},"468":{"start":{"line":469,"column":0},"end":{"line":469,"column":35}},"469":{"start":{"line":470,"column":0},"end":{"line":470,"column":29}},"470":{"start":{"line":471,"column":0},"end":{"line":471,"column":20}},"471":{"start":{"line":472,"column":0},"end":{"line":472,"column":48}},"472":{"start":{"line":473,"column":0},"end":{"line":473,"column":60}},"473":{"start":{"line":474,"column":0},"end":{"line":474,"column":9}},"474":{"start":{"line":475,"column":0},"end":{"line":475,"column":12}},"475":{"start":{"line":476,"column":0},"end":{"line":476,"column":29}},"476":{"start":{"line":477,"column":0},"end":{"line":477,"column":20}},"477":{"start":{"line":478,"column":0},"end":{"line":478,"column":48}},"478":{"start":{"line":479,"column":0},"end":{"line":479,"column":9}},"479":{"start":{"line":480,"column":0},"end":{"line":480,"column":5}},"480":{"start":{"line":481,"column":0},"end":{"line":481,"column":4}},"481":{"start":{"line":482,"column":0},"end":{"line":482,"column":0}},"482":{"start":{"line":483,"column":0},"end":{"line":483,"column":15}},"483":{"start":{"line":484,"column":0},"end":{"line":484,"column":0}},"484":{"start":{"line":485,"column":0},"end":{"line":485,"column":17}},"485":{"start":{"line":486,"column":0},"end":{"line":486,"column":0}},"486":{"start":{"line":487,"column":0},"end":{"line":487,"column":20}},"487":{"start":{"line":488,"column":0},"end":{"line":488,"column":63}},"488":{"start":{"line":489,"column":0},"end":{"line":489,"column":44}},"489":{"start":{"line":490,"column":0},"end":{"line":490,"column":41}},"490":{"start":{"line":491,"column":0},"end":{"line":491,"column":29}},"491":{"start":{"line":492,"column":0},"end":{"line":492,"column":42}},"492":{"start":{"line":493,"column":0},"end":{"line":493,"column":34}},"493":{"start":{"line":494,"column":0},"end":{"line":494,"column":22}},"494":{"start":{"line":495,"column":0},"end":{"line":495,"column":74}},"495":{"start":{"line":496,"column":0},"end":{"line":496,"column":4}},"496":{"start":{"line":497,"column":0},"end":{"line":497,"column":54}},"497":{"start":{"line":498,"column":0},"end":{"line":498,"column":50}},"498":{"start":{"line":499,"column":0},"end":{"line":499,"column":38}},"499":{"start":{"line":500,"column":0},"end":{"line":500,"column":13}},"500":{"start":{"line":501,"column":0},"end":{"line":501,"column":10}},"501":{"start":{"line":502,"column":0},"end":{"line":502,"column":52}},"502":{"start":{"line":503,"column":0},"end":{"line":503,"column":67}},"503":{"start":{"line":504,"column":0},"end":{"line":504,"column":45}},"504":{"start":{"line":505,"column":0},"end":{"line":505,"column":39}},"505":{"start":{"line":506,"column":0},"end":{"line":506,"column":10}},"506":{"start":{"line":507,"column":0},"end":{"line":507,"column":4}},"507":{"start":{"line":508,"column":0},"end":{"line":508,"column":15}},"508":{"start":{"line":509,"column":0},"end":{"line":509,"column":0}},"509":{"start":{"line":510,"column":0},"end":{"line":510,"column":53}},"510":{"start":{"line":511,"column":0},"end":{"line":511,"column":60}},"511":{"start":{"line":512,"column":0},"end":{"line":512,"column":24}},"512":{"start":{"line":513,"column":0},"end":{"line":513,"column":38}},"513":{"start":{"line":514,"column":0},"end":{"line":514,"column":12}},"514":{"start":{"line":515,"column":0},"end":{"line":515,"column":44}},"515":{"start":{"line":516,"column":0},"end":{"line":516,"column":8}},"516":{"start":{"line":517,"column":0},"end":{"line":517,"column":5}},"517":{"start":{"line":518,"column":0},"end":{"line":518,"column":35}},"518":{"start":{"line":519,"column":0},"end":{"line":519,"column":29}},"519":{"start":{"line":520,"column":0},"end":{"line":520,"column":20}},"520":{"start":{"line":521,"column":0},"end":{"line":521,"column":28}},"521":{"start":{"line":522,"column":0},"end":{"line":522,"column":9}},"522":{"start":{"line":523,"column":0},"end":{"line":523,"column":5}},"523":{"start":{"line":524,"column":0},"end":{"line":524,"column":0}},"524":{"start":{"line":525,"column":0},"end":{"line":525,"column":18}},"525":{"start":{"line":526,"column":0},"end":{"line":526,"column":18}},"526":{"start":{"line":527,"column":0},"end":{"line":527,"column":22}},"527":{"start":{"line":528,"column":0},"end":{"line":528,"column":46}},"528":{"start":{"line":529,"column":0},"end":{"line":529,"column":0}},"529":{"start":{"line":530,"column":0},"end":{"line":530,"column":17}},"530":{"start":{"line":531,"column":0},"end":{"line":531,"column":29}},"531":{"start":{"line":532,"column":0},"end":{"line":532,"column":20}},"532":{"start":{"line":533,"column":0},"end":{"line":533,"column":58}},"533":{"start":{"line":534,"column":0},"end":{"line":534,"column":36}},"534":{"start":{"line":535,"column":0},"end":{"line":535,"column":9}},"535":{"start":{"line":536,"column":0},"end":{"line":536,"column":5}},"536":{"start":{"line":537,"column":0},"end":{"line":537,"column":0}},"537":{"start":{"line":538,"column":0},"end":{"line":538,"column":27}},"538":{"start":{"line":539,"column":0},"end":{"line":539,"column":18}},"539":{"start":{"line":540,"column":0},"end":{"line":540,"column":57}},"540":{"start":{"line":541,"column":0},"end":{"line":541,"column":7}},"541":{"start":{"line":542,"column":0},"end":{"line":542,"column":4}},"542":{"start":{"line":543,"column":0},"end":{"line":543,"column":0}},"543":{"start":{"line":544,"column":0},"end":{"line":544,"column":68}},"544":{"start":{"line":545,"column":0},"end":{"line":545,"column":41}},"545":{"start":{"line":546,"column":0},"end":{"line":546,"column":35}},"546":{"start":{"line":547,"column":0},"end":{"line":547,"column":52}},"547":{"start":{"line":548,"column":0},"end":{"line":548,"column":5}},"548":{"start":{"line":549,"column":0},"end":{"line":549,"column":0}},"549":{"start":{"line":550,"column":0},"end":{"line":550,"column":74}},"550":{"start":{"line":551,"column":0},"end":{"line":551,"column":24}},"551":{"start":{"line":552,"column":0},"end":{"line":552,"column":29}},"552":{"start":{"line":553,"column":0},"end":{"line":553,"column":20}},"553":{"start":{"line":554,"column":0},"end":{"line":554,"column":28}},"554":{"start":{"line":555,"column":0},"end":{"line":555,"column":9}},"555":{"start":{"line":556,"column":0},"end":{"line":556,"column":5}},"556":{"start":{"line":557,"column":0},"end":{"line":557,"column":67}},"557":{"start":{"line":558,"column":0},"end":{"line":558,"column":29}},"558":{"start":{"line":559,"column":0},"end":{"line":559,"column":20}},"559":{"start":{"line":560,"column":0},"end":{"line":560,"column":47}},"560":{"start":{"line":561,"column":0},"end":{"line":561,"column":36}},"561":{"start":{"line":562,"column":0},"end":{"line":562,"column":9}},"562":{"start":{"line":563,"column":0},"end":{"line":563,"column":5}},"563":{"start":{"line":564,"column":0},"end":{"line":564,"column":27}},"564":{"start":{"line":565,"column":0},"end":{"line":565,"column":18}},"565":{"start":{"line":566,"column":0},"end":{"line":566,"column":21}},"566":{"start":{"line":567,"column":0},"end":{"line":567,"column":7}},"567":{"start":{"line":568,"column":0},"end":{"line":568,"column":4}},"568":{"start":{"line":569,"column":0},"end":{"line":569,"column":0}},"569":{"start":{"line":570,"column":0},"end":{"line":570,"column":44}},"570":{"start":{"line":571,"column":0},"end":{"line":571,"column":12}},"571":{"start":{"line":572,"column":0},"end":{"line":572,"column":8}},"572":{"start":{"line":573,"column":0},"end":{"line":573,"column":12}},"573":{"start":{"line":574,"column":0},"end":{"line":574,"column":12}},"574":{"start":{"line":575,"column":0},"end":{"line":575,"column":9}},"575":{"start":{"line":576,"column":0},"end":{"line":576,"column":35}},"576":{"start":{"line":577,"column":0},"end":{"line":577,"column":45}},"577":{"start":{"line":578,"column":0},"end":{"line":578,"column":5}},"578":{"start":{"line":579,"column":0},"end":{"line":579,"column":0}},"579":{"start":{"line":580,"column":0},"end":{"line":580,"column":75}},"580":{"start":{"line":581,"column":0},"end":{"line":581,"column":25}},"581":{"start":{"line":582,"column":0},"end":{"line":582,"column":29}},"582":{"start":{"line":583,"column":0},"end":{"line":583,"column":20}},"583":{"start":{"line":584,"column":0},"end":{"line":584,"column":36}},"584":{"start":{"line":585,"column":0},"end":{"line":585,"column":9}},"585":{"start":{"line":586,"column":0},"end":{"line":586,"column":5}},"586":{"start":{"line":587,"column":0},"end":{"line":587,"column":19}},"587":{"start":{"line":588,"column":0},"end":{"line":588,"column":70}},"588":{"start":{"line":589,"column":0},"end":{"line":589,"column":31}},"589":{"start":{"line":590,"column":0},"end":{"line":590,"column":22}},"590":{"start":{"line":591,"column":0},"end":{"line":591,"column":50}},"591":{"start":{"line":592,"column":0},"end":{"line":592,"column":38}},"592":{"start":{"line":593,"column":0},"end":{"line":593,"column":11}},"593":{"start":{"line":594,"column":0},"end":{"line":594,"column":14}},"594":{"start":{"line":595,"column":0},"end":{"line":595,"column":31}},"595":{"start":{"line":596,"column":0},"end":{"line":596,"column":22}},"596":{"start":{"line":597,"column":0},"end":{"line":597,"column":26}},"597":{"start":{"line":598,"column":0},"end":{"line":598,"column":11}},"598":{"start":{"line":599,"column":0},"end":{"line":599,"column":7}},"599":{"start":{"line":600,"column":0},"end":{"line":600,"column":5}},"600":{"start":{"line":601,"column":0},"end":{"line":601,"column":65}},"601":{"start":{"line":602,"column":0},"end":{"line":602,"column":25}},"602":{"start":{"line":603,"column":0},"end":{"line":603,"column":29}},"603":{"start":{"line":604,"column":0},"end":{"line":604,"column":20}},"604":{"start":{"line":605,"column":0},"end":{"line":605,"column":40}},"605":{"start":{"line":606,"column":0},"end":{"line":606,"column":9}},"606":{"start":{"line":607,"column":0},"end":{"line":607,"column":5}},"607":{"start":{"line":608,"column":0},"end":{"line":608,"column":0}},"608":{"start":{"line":609,"column":0},"end":{"line":609,"column":40}},"609":{"start":{"line":610,"column":0},"end":{"line":610,"column":29}},"610":{"start":{"line":611,"column":0},"end":{"line":611,"column":20}},"611":{"start":{"line":612,"column":0},"end":{"line":612,"column":24}},"612":{"start":{"line":613,"column":0},"end":{"line":613,"column":42}},"613":{"start":{"line":614,"column":0},"end":{"line":614,"column":9}},"614":{"start":{"line":615,"column":0},"end":{"line":615,"column":5}},"615":{"start":{"line":616,"column":0},"end":{"line":616,"column":27}},"616":{"start":{"line":617,"column":0},"end":{"line":617,"column":18}},"617":{"start":{"line":618,"column":0},"end":{"line":618,"column":22}},"618":{"start":{"line":619,"column":0},"end":{"line":619,"column":7}},"619":{"start":{"line":620,"column":0},"end":{"line":620,"column":4}},"620":{"start":{"line":621,"column":0},"end":{"line":621,"column":0}},"621":{"start":{"line":622,"column":0},"end":{"line":622,"column":57}},"622":{"start":{"line":623,"column":0},"end":{"line":623,"column":35}},"623":{"start":{"line":624,"column":0},"end":{"line":624,"column":52}},"624":{"start":{"line":625,"column":0},"end":{"line":625,"column":5}},"625":{"start":{"line":626,"column":0},"end":{"line":626,"column":74}},"626":{"start":{"line":627,"column":0},"end":{"line":627,"column":18}},"627":{"start":{"line":628,"column":0},"end":{"line":628,"column":54}},"628":{"start":{"line":629,"column":0},"end":{"line":629,"column":5}},"629":{"start":{"line":630,"column":0},"end":{"line":630,"column":67}},"630":{"start":{"line":631,"column":0},"end":{"line":631,"column":4}},"631":{"start":{"line":632,"column":0},"end":{"line":632,"column":0}},"632":{"start":{"line":633,"column":0},"end":{"line":633,"column":69}},"633":{"start":{"line":634,"column":0},"end":{"line":634,"column":35}},"634":{"start":{"line":635,"column":0},"end":{"line":635,"column":52}},"635":{"start":{"line":636,"column":0},"end":{"line":636,"column":5}},"636":{"start":{"line":637,"column":0},"end":{"line":637,"column":0}},"637":{"start":{"line":638,"column":0},"end":{"line":638,"column":66}},"638":{"start":{"line":639,"column":0},"end":{"line":639,"column":19}},"639":{"start":{"line":640,"column":0},"end":{"line":640,"column":20}},"640":{"start":{"line":641,"column":0},"end":{"line":641,"column":71}},"641":{"start":{"line":642,"column":0},"end":{"line":642,"column":69}},"642":{"start":{"line":643,"column":0},"end":{"line":643,"column":5}},"643":{"start":{"line":644,"column":0},"end":{"line":644,"column":36}},"644":{"start":{"line":645,"column":0},"end":{"line":645,"column":38}},"645":{"start":{"line":646,"column":0},"end":{"line":646,"column":44}},"646":{"start":{"line":647,"column":0},"end":{"line":647,"column":0}},"647":{"start":{"line":648,"column":0},"end":{"line":648,"column":19}},"648":{"start":{"line":649,"column":0},"end":{"line":649,"column":29}},"649":{"start":{"line":650,"column":0},"end":{"line":650,"column":20}},"650":{"start":{"line":651,"column":0},"end":{"line":651,"column":65}},"651":{"start":{"line":652,"column":0},"end":{"line":652,"column":9}},"652":{"start":{"line":653,"column":0},"end":{"line":653,"column":5}},"653":{"start":{"line":654,"column":0},"end":{"line":654,"column":61}},"654":{"start":{"line":655,"column":0},"end":{"line":655,"column":4}},"655":{"start":{"line":656,"column":0},"end":{"line":656,"column":0}},"656":{"start":{"line":657,"column":0},"end":{"line":657,"column":41}},"657":{"start":{"line":658,"column":0},"end":{"line":658,"column":40}},"658":{"start":{"line":659,"column":0},"end":{"line":659,"column":19}},"659":{"start":{"line":660,"column":0},"end":{"line":660,"column":52}},"660":{"start":{"line":661,"column":0},"end":{"line":661,"column":5}},"661":{"start":{"line":662,"column":0},"end":{"line":662,"column":57}},"662":{"start":{"line":663,"column":0},"end":{"line":663,"column":4}},"663":{"start":{"line":664,"column":0},"end":{"line":664,"column":0}},"664":{"start":{"line":665,"column":0},"end":{"line":665,"column":62}},"665":{"start":{"line":666,"column":0},"end":{"line":666,"column":35}},"666":{"start":{"line":667,"column":0},"end":{"line":667,"column":52}},"667":{"start":{"line":668,"column":0},"end":{"line":668,"column":5}},"668":{"start":{"line":669,"column":0},"end":{"line":669,"column":0}},"669":{"start":{"line":670,"column":0},"end":{"line":670,"column":44}},"670":{"start":{"line":671,"column":0},"end":{"line":671,"column":37}},"671":{"start":{"line":672,"column":0},"end":{"line":672,"column":13}},"672":{"start":{"line":673,"column":0},"end":{"line":673,"column":23}},"673":{"start":{"line":674,"column":0},"end":{"line":674,"column":66}},"674":{"start":{"line":675,"column":0},"end":{"line":675,"column":5}},"675":{"start":{"line":676,"column":0},"end":{"line":676,"column":33}},"676":{"start":{"line":677,"column":0},"end":{"line":677,"column":35}},"677":{"start":{"line":678,"column":0},"end":{"line":678,"column":29}},"678":{"start":{"line":679,"column":0},"end":{"line":679,"column":20}},"679":{"start":{"line":680,"column":0},"end":{"line":680,"column":23}},"680":{"start":{"line":681,"column":0},"end":{"line":681,"column":36}},"681":{"start":{"line":682,"column":0},"end":{"line":682,"column":9}},"682":{"start":{"line":683,"column":0},"end":{"line":683,"column":5}},"683":{"start":{"line":684,"column":0},"end":{"line":684,"column":52}},"684":{"start":{"line":685,"column":0},"end":{"line":685,"column":4}},"685":{"start":{"line":686,"column":0},"end":{"line":686,"column":0}},"686":{"start":{"line":687,"column":0},"end":{"line":687,"column":15}},"687":{"start":{"line":688,"column":0},"end":{"line":688,"column":0}},"688":{"start":{"line":689,"column":0},"end":{"line":689,"column":67}},"689":{"start":{"line":690,"column":0},"end":{"line":690,"column":35}},"690":{"start":{"line":691,"column":0},"end":{"line":691,"column":52}},"691":{"start":{"line":692,"column":0},"end":{"line":692,"column":5}},"692":{"start":{"line":693,"column":0},"end":{"line":693,"column":0}},"693":{"start":{"line":694,"column":0},"end":{"line":694,"column":37}},"694":{"start":{"line":695,"column":0},"end":{"line":695,"column":33}},"695":{"start":{"line":696,"column":0},"end":{"line":696,"column":21}},"696":{"start":{"line":697,"column":0},"end":{"line":697,"column":22}},"697":{"start":{"line":698,"column":0},"end":{"line":698,"column":45}},"698":{"start":{"line":699,"column":0},"end":{"line":699,"column":38}},"699":{"start":{"line":700,"column":0},"end":{"line":700,"column":34}},"700":{"start":{"line":701,"column":0},"end":{"line":701,"column":39}},"701":{"start":{"line":702,"column":0},"end":{"line":702,"column":29}},"702":{"start":{"line":703,"column":0},"end":{"line":703,"column":20}},"703":{"start":{"line":704,"column":0},"end":{"line":704,"column":48}},"704":{"start":{"line":705,"column":0},"end":{"line":705,"column":36}},"705":{"start":{"line":706,"column":0},"end":{"line":706,"column":9}},"706":{"start":{"line":707,"column":0},"end":{"line":707,"column":5}},"707":{"start":{"line":708,"column":0},"end":{"line":708,"column":27}},"708":{"start":{"line":709,"column":0},"end":{"line":709,"column":18}},"709":{"start":{"line":710,"column":0},"end":{"line":710,"column":46}},"710":{"start":{"line":711,"column":0},"end":{"line":711,"column":7}},"711":{"start":{"line":712,"column":0},"end":{"line":712,"column":4}},"712":{"start":{"line":713,"column":0},"end":{"line":713,"column":0}},"713":{"start":{"line":714,"column":0},"end":{"line":714,"column":38}},"714":{"start":{"line":715,"column":0},"end":{"line":715,"column":12}},"715":{"start":{"line":716,"column":0},"end":{"line":716,"column":12}},"716":{"start":{"line":717,"column":0},"end":{"line":717,"column":9}},"717":{"start":{"line":718,"column":0},"end":{"line":718,"column":12}},"718":{"start":{"line":719,"column":0},"end":{"line":719,"column":9}},"719":{"start":{"line":720,"column":0},"end":{"line":720,"column":35}},"720":{"start":{"line":721,"column":0},"end":{"line":721,"column":52}},"721":{"start":{"line":722,"column":0},"end":{"line":722,"column":5}},"722":{"start":{"line":723,"column":0},"end":{"line":723,"column":37}},"723":{"start":{"line":724,"column":0},"end":{"line":724,"column":0}},"724":{"start":{"line":725,"column":0},"end":{"line":725,"column":51}},"725":{"start":{"line":726,"column":0},"end":{"line":726,"column":33}},"726":{"start":{"line":727,"column":0},"end":{"line":727,"column":38}},"727":{"start":{"line":728,"column":0},"end":{"line":728,"column":0}},"728":{"start":{"line":729,"column":0},"end":{"line":729,"column":67}},"729":{"start":{"line":730,"column":0},"end":{"line":730,"column":25}},"730":{"start":{"line":731,"column":0},"end":{"line":731,"column":29}},"731":{"start":{"line":732,"column":0},"end":{"line":732,"column":20}},"732":{"start":{"line":733,"column":0},"end":{"line":733,"column":40}},"733":{"start":{"line":734,"column":0},"end":{"line":734,"column":9}},"734":{"start":{"line":735,"column":0},"end":{"line":735,"column":5}},"735":{"start":{"line":736,"column":0},"end":{"line":736,"column":0}},"736":{"start":{"line":737,"column":0},"end":{"line":737,"column":41}},"737":{"start":{"line":738,"column":0},"end":{"line":738,"column":35}},"738":{"start":{"line":739,"column":0},"end":{"line":739,"column":29}},"739":{"start":{"line":740,"column":0},"end":{"line":740,"column":20}},"740":{"start":{"line":741,"column":0},"end":{"line":741,"column":16}},"741":{"start":{"line":742,"column":0},"end":{"line":742,"column":36}},"742":{"start":{"line":743,"column":0},"end":{"line":743,"column":9}},"743":{"start":{"line":744,"column":0},"end":{"line":744,"column":5}},"744":{"start":{"line":745,"column":0},"end":{"line":745,"column":27}},"745":{"start":{"line":746,"column":0},"end":{"line":746,"column":18}},"746":{"start":{"line":747,"column":0},"end":{"line":747,"column":14}},"747":{"start":{"line":748,"column":0},"end":{"line":748,"column":7}},"748":{"start":{"line":749,"column":0},"end":{"line":749,"column":4}},"749":{"start":{"line":750,"column":0},"end":{"line":750,"column":0}},"750":{"start":{"line":751,"column":0},"end":{"line":751,"column":48}},"751":{"start":{"line":752,"column":0},"end":{"line":752,"column":8}},"752":{"start":{"line":753,"column":0},"end":{"line":753,"column":12}},"753":{"start":{"line":754,"column":0},"end":{"line":754,"column":9}},"754":{"start":{"line":755,"column":0},"end":{"line":755,"column":12}},"755":{"start":{"line":756,"column":0},"end":{"line":756,"column":9}},"756":{"start":{"line":757,"column":0},"end":{"line":757,"column":35}},"757":{"start":{"line":758,"column":0},"end":{"line":758,"column":66}},"758":{"start":{"line":759,"column":0},"end":{"line":759,"column":5}},"759":{"start":{"line":760,"column":0},"end":{"line":760,"column":37}},"760":{"start":{"line":761,"column":0},"end":{"line":761,"column":33}},"761":{"start":{"line":762,"column":0},"end":{"line":762,"column":0}},"762":{"start":{"line":763,"column":0},"end":{"line":763,"column":64}},"763":{"start":{"line":764,"column":0},"end":{"line":764,"column":0}},"764":{"start":{"line":765,"column":0},"end":{"line":765,"column":62}},"765":{"start":{"line":766,"column":0},"end":{"line":766,"column":0}},"766":{"start":{"line":767,"column":0},"end":{"line":767,"column":26}},"767":{"start":{"line":768,"column":0},"end":{"line":768,"column":29}},"768":{"start":{"line":769,"column":0},"end":{"line":769,"column":20}},"769":{"start":{"line":770,"column":0},"end":{"line":770,"column":42}},"770":{"start":{"line":771,"column":0},"end":{"line":771,"column":9}},"771":{"start":{"line":772,"column":0},"end":{"line":772,"column":5}},"772":{"start":{"line":773,"column":0},"end":{"line":773,"column":19}},"773":{"start":{"line":774,"column":0},"end":{"line":774,"column":70}},"774":{"start":{"line":775,"column":0},"end":{"line":775,"column":0}},"775":{"start":{"line":776,"column":0},"end":{"line":776,"column":35}},"776":{"start":{"line":777,"column":0},"end":{"line":777,"column":27}},"777":{"start":{"line":778,"column":0},"end":{"line":778,"column":44}},"778":{"start":{"line":779,"column":0},"end":{"line":779,"column":31}},"779":{"start":{"line":780,"column":0},"end":{"line":780,"column":22}},"780":{"start":{"line":781,"column":0},"end":{"line":781,"column":18}},"781":{"start":{"line":782,"column":0},"end":{"line":782,"column":38}},"782":{"start":{"line":783,"column":0},"end":{"line":783,"column":11}},"783":{"start":{"line":784,"column":0},"end":{"line":784,"column":7}},"784":{"start":{"line":785,"column":0},"end":{"line":785,"column":29}},"785":{"start":{"line":786,"column":0},"end":{"line":786,"column":20}},"786":{"start":{"line":787,"column":0},"end":{"line":787,"column":16}},"787":{
[...]
},"47":{"name":"deleteAll","decl":{"start":{"line":846,"column":25},"end":{"line":848,"column":4}},"loc":{"start":{"line":846,"column":25},"end":{"line":848,"column":4}},"line":846},"48":{"name":"deleteMany","decl":{"start":{"line":849,"column":30},"end":{"line":851,"column":4}},"loc":{"start":{"line":849,"column":30},"end":{"line":851,"column":4}},"line":849},"49":{"name":"deleteManyByIds","decl":{"start":{"line":852,"column":40},"end":{"line":854,"column":4}},"loc":{"start":{"line":852,"column":40},"end":{"line":854,"column":4}},"line":852},"50":{"name":"deleteOne","decl":{"start":{"line":855,"column":28},"end":{"line":857,"column":4}},"loc":{"start":{"line":855,"column":28},"end":{"line":857,"column":4}},"line":855},"51":{"name":"deleteOneById","decl":{"start":{"line":858,"column":36},"end":{"line":860,"column":4}},"loc":{"start":{"line":858,"column":36},"end":{"line":860,"column":4}},"line":858},"52":{"name":"retrieveAll","decl":{"start":{"line":861,"column":29},"end":{"line":863,"column":4}},"loc":{"start":{"line":861,"column":29},"end":{"line":863,"column":4}},"line":861},"53":{"name":"retrieveMany","decl":{"start":{"line":864,"column":34},"end":{"line":866,"column":4}},"loc":{"start":{"line":864,"column":34},"end":{"line":866,"column":4}},"line":864},"54":{"name":"retrieveManyByIds","decl":{"start":{"line":867,"column":44},"end":{"line":869,"column":4}},"loc":{"start":{"line":867,"column":44},"end":{"line":869,"column":4}},"line":867},"55":{"name":"retrieveOne","decl":{"start":{"line":870,"column":32},"end":{"line":872,"column":4}},"loc":{"start":{"line":870,"column":32},"end":{"line":872,"column":4}},"line":870},"56":{"name":"retrieveOneById","decl":{"start":{"line":873,"column":40},"end":{"line":875,"column":4}},"loc":{"start":{"line":873,"column":40},"end":{"line":875,"column":4}},"line":873},"57":{"name":"removeAll","decl":{"start":{"line":876,"column":25},"end":{"line":878,"column":4}},"loc":{"start":{"line":876,"column":25},"end":{"line":878,"column":4}},"line":876},"58":{"name":"removeMany","decl":{"start":{"line":879,"column":30},"end":{"line":881,"column":4}},"loc":{"start":{"line":879,"column":30},"end":{"line":881,"column":4}},"line":879},"59":{"name":"removeManyByIds","decl":{"start":{"line":882,"column":40},"end":{"line":884,"column":4}},"loc":{"start":{"line":882,"column":40},"end":{"line":884,"column":4}},"line":882},"60":{"name":"removeOne","decl":{"start":{"line":885,"column":28},"end":{"line":887,"column":4}},"loc":{"start":{"line":885,"column":28},"end":{"line":887,"column":4}},"line":885},"61":{"name":"removeOneById","decl":{"start":{"line":888,"column":36},"end":{"line":890,"column":4}},"loc":{"start":{"line":888,"column":36},"end":{"line":890,"column":4}},"line":888}},"f":{"0":1,"1":19,"2":0,"3":0,"4":1,"5":1,"6":8,"7":8,"8":8,"9":0,"10":3,"11":0,"12":3,"13":0,"14":0,"15":51,"16":51,"17":1,"18":164,"19":41,"20":41,"21":22,"22":1,"23":2,"24":3,"25":0,"26":3,"27":196,"28":0,"29":0,"30":0,"31":0,"32":0,"33":0,"34":0,"35":0,"36":0,"37":0,"38":0,"39":0,"40":0,"41":0,"42":0,"43":0,"44":0,"45":0,"46":0,"47":0,"48":0,"49":0,"50":0,"51":0,"52":0,"53":0,"54":0,"55":0,"56":0,"57":0,"58":0,"59":0,"60":0,"61":0}}
,"/workspace/core-data/src/constants/strings.ts": {"path":"/workspace/core-data/src/constants/strings.ts","all":true,"statementMap":{"0":{"start":{"line":1,"column":0},"end":{"line":1,"column":29}}},"s":{"0":0},"branchMap":{"0":{"type":"branch","line":1,"loc":{"start":{"line":1,"column":29},"end":{"line":1,"column":29}},"locations":[{"start":{"line":1,"column":29},"end":{"line":1,"column":29}}]}},"b":{"0":[0]},"fnMap":{"0":{"name":"(empty-report)","decl":{"start":{"line":1,"column":29},"end":{"line":1,"column":29}},"loc":{"start":{"line":1,"column":29},"end":{"line":1,"column":29}},"line":1}},"f":{"0":0}}
,"/workspace/core-data/src/schemas/objects.ts": {"path":"/workspace/core-data/src/schemas/objects.ts","all":false,"statementMap":{"0":{"start":{"line":1,"column":0},"end":{"line":1,"column":24}},"1":{"start":{"line":2,"column":0},"end":{"line":2,"column":0}},"2":{"start":{"line":3,"column":0},"end":{"line":3,"column":24}},"3":{"start":{"line":4,"column":0},"end":{"line":4,"column":22}},"4":{"start":{"line":5,"column":0},"end":{"line":5,"column":33}},"5":{"start":{"line":6,"column":0},"end":{"line":6,"column":29}},"6":{"start":{"line":7,"column":0},"end":{"line":7,"column":30}},"7":{"start":{"line":8,"column":0},"end":{"line":8,"column":31}},"8":{"start":{"line":9,"column":0},"end":{"line":9,"column":2}},"9":{"start":{"line":10,"column":0},"end":{"line":10,"column":0}},"10":{"start":{"line":11,"column":0},"end":{"line":11,"column":43}},"11":{"start":{"line":12,"column":0},"end":{"line":12,"column":31}},"12":{"start":{"line":13,"column":0},"end":{"line":13,"column":22}},"13":{"start":{"line":14,"column":0},"end":{"line":14,"column":2}},"14":{"start":{"line":15,"column":0},"end":{"line":15,"column":0}},"15":{"start":{"line":16,"column":0},"end":{"line":16,"column":13}},"16":{"start":{"line":17,"column":0},"end":{"line":17,"column":13}},"17":{"start":{"line":18,"column":0},"end":{"line":18,"column":0}},"18":{"start":{"line":19,"column":0},"end":{"line":19,"column":42}},"19":{"start":{"line":20,"column":0},"end":{"line":20,"column":57}},"20":{"start":{"line":21,"column":0},"end":{"line":21,"column":59}},"21":{"start":{"line":22,"column":0},"end":{"line":22,"column":23}},"22":{"start":{"line":23,"column":0},"end":{"line":23,"column":21}},"23":{"start":{"line":24,"column":0},"end":{"line":24,"column":49}},"24":{"start":{"line":25,"column":0},"end":{"line":25,"column":5}},"25":{"start":{"line":26,"column":0},"end":{"line":26,"column":3}},"26":{"start":{"line":27,"column":0},"end":{"line":27,"column":0}},"27":{"start":{"line":28,"column":0},"end":{"line":28,"column":32}},"28":{"start":{"line":29,"column":0},"end":{"line":29,"column":18}},"29":{"start":{"line":30,"column":0},"end":{"line":30,"column":28}},"30":{"start":{"line":31,"column":0},"end":{"line":31,"column":3}},"31":{"start":{"line":32,"column":0},"end":{"line":32,"column":0}},"32":{"start":{"line":33,"column":0},"end":{"line":33,"column":43}},"33":{"start":{"line":34,"column":0},"end":{"line":34,"column":13}},"34":{"start":{"line":35,"column":0},"end":{"line":35,"column":24}},"35":{"start":{"line":36,"column":0},"end":{"line":36,"column":0}},"36":{"start":{"line":37,"column":0},"end":{"line":37,"column":56}},"37":{"start":{"line":38,"column":0},"end":{"line":38,"column":13}},"38":{"start":{"line":39,"column":0},"end":{"line":39,"column":55}},"39":{"start":{"line":40,"column":0},"end":{"line":40,"column":0}},"40":{"start":{"line":41,"column":0},"end":{"line":41,"column":61}},"41":{"start":{"line":42,"column":0},"end":{"line":42,"column":14}},"42":{"start":{"line":43,"column":0},"end":{"line":43,"column":3}},"43":{"start":{"line":44,"column":0},"end":{"line":44,"column":26}},"44":{"start":{"line":45,"column":0},"end":{"line":45,"column":14}},"45":{"start":{"line":46,"column":0},"end":{"line":46,"column":39}},"46":{"start":{"line":47,"column":0},"end":{"line":47,"column":3}},"47":{"start":{"line":48,"column":0},"end":{"line":48,"column":23}},"48":{"start":{"line":49,"column":0},"end":{"line":49,"column":1}},"49":{"start":{"line":50,"column":0},"end":{"line":50,"column":0}},"50":{"start":{"line":51,"column":0},"end":{"line":51,"column":50}},"51":{"start":{"line":52,"column":0},"end":{"line":52,"column":35}},"52":{"start":{"line":53,"column":0},"end":{"line":53,"column":27}},"53":{"start":{"line":54,"column":0},"end":{"line":54,"column":34}},"54":{"start":{"line":55,"column":0},"end":{"line":55,"column":3}},"55":{"start":{"line":56,"column":0},"end":{"line":56,"column":0}},"56":{"start":{"line":57,"column":0},"end":{"line":57,"column":37}},"57":{"start":{"line":58,"column":0},"end":{"line":58,"column":20}},"58":{"start":{"line":59,"column":0},"end":{"line":59,"column":30}},"59":{"start":{"line":60,"column":0},"end":{"line":60,"column":3}},"60":{"start":{"line":61,"column":0},"end":{"line":61,"column":0}},"61":{"start":{"line":62,"column":0},"end":{"line":62,"column":65}},"62":{"start":{"line":63,"column":0},"end":{"line":63,"column":0}},"63":{"start":{"line":64,"column":0},"end":{"line":64,"column":69}},"64":{"start":{"line":65,"column":0},"end":{"line":65,"column":0}},"65":{"start":{"line":66,"column":0},"end":{"line":66,"column":37}},"66":{"start":{"line":67,"column":0},"end":{"line":67,"column":44}},"67":{"start":{"line":68,"column":0},"end":{"line":68,"column":41}},"68":{"start":{"line":69,"column":0},"end":{"line":69,"column":38}},"69":{"start":{"line":70,"column":0},"end":{"line":70,"column":38}},"70":{"start":{"line":71,"column":0},"end":{"line":71,"column":46}},"71":{"start":{"line":72,"column":0},"end":{"line":72,"column":3}},"72":{"start":{"line":73,"column":0},"end":{"line":73,"column":0}},"73":{"start":{"line":74,"column":0},"end":{"line":74,"column":61}},"74":{"start":{"line":75,"column":0},"end":{"line":75,"column":0}},"75":{"start":{"line":76,"column":0},"end":{"line":76,"column":19}},"76":{"start":{"line":77,"column":0},"end":{"line":77,"column":50}},"77":{"start":{"line":78,"column":0},"end":{"line":78,"column":38}},"78":{"start":{"line":79,"column":0},"end":{"line":79,"column":0}},"79":{"start":{"line":80,"column":0},"end":{"line":80,"column":27}},"80":{"start":{"line":81,"column":0},"end":{"line":81,"column":15}},"81":{"start":{"line":82,"column":0},"end":{"line":82,"column":16}},"82":{"start":{"line":83,"column":0},"end":{"line":83,"column":17}},"83":{"start":{"line":84,"column":0},"end":{"line":84,"column":11}},"84":{"start":{"line":85,"column":0},"end":{"line":85,"column":0}},"85":{"start":{"line":86,"column":0},"end":{"line":86,"column":62}},"86":{"start":{"line":87,"column":0},"end":{"line":87,"column":28}},"87":{"start":{"line":88,"column":0},"end":{"line":88,"column":0}},"88":{"start":{"line":89,"column":0},"end":{"line":89,"column":71}},"89":{"start":{"line":90,"column":0},"end":{"line":90,"column":68}},"90":{"start":{"line":91,"column":0},"end":{"line":91,"column":50}},"91":{"start":{"line":92,"column":0},"end":{"line":92,"column":1}},"92":{"start":{"line":93,"column":0},"end":{"line":93,"column":0}},"93":{"start":{"line":94,"column":0},"end":{"line":94,"column":68}},"94":{"start":{"line":95,"column":0},"end":{"line":95,"column":48}},"95":{"start":{"line":96,"column":0},"end":{"line":96,"column":32}},"96":{"start":{"line":97,"column":0},"end":{"line":97,"column":19}},"97":{"start":{"line":98,"column":0},"end":{"line":98,"column":5}},"98":{"start":{"line":99,"column":0},"end":{"line":99,"column":1}},"99":{"start":{"line":100,"column":0},"end":{"line":100,"column":0}},"100":{"start":{"line":101,"column":0},"end":{"line":101,"column":59}},"101":{"start":{"line":102,"column":0},"end":{"line":102,"column":53}},"102":{"start":{"line":103,"column":0},"end":{"line":103,"column":1}},"103":{"start":{"line":104,"column":0},"end":{"line":104,"column":0}},"104":{"start":{"line":105,"column":0},"end":{"line":105,"column":73}},"105":{"start":{"line":106,"column":0},"end":{"line":106,"column":11}},"106":{"start":{"line":107,"column":0},"end":{"line":107,"column":6}},"107":{"start":{"line":108,"column":0},"end":{"line":108,"column":16}},"108":{"start":{"line":109,"column":0},"end":{"line":109,"column":56}},"109":{"start":{"line":110,"column":0},"end":{"line":110,"column":52}},"110":{"start":{"line":111,"column":0},"end":{"line":111,"column":0}},"111":{"start":{"line":112,"column":0},"end":{"line":112,"column":19}},"112":{"start":{"line":113,"column":0},"end":{"line":113,"column":9}},"113":{"start":{"line":114,"column":0},"end":{"line":114,"column":24}},"114":{"start":{"line":115,"column":0},"end":{"line":115,"column":5}},"115":{"start":{"line":116,"column":0},"end":{"line":116,"column":2}},"116":{"start":{"line":117,"column":0},"end":{"line":117,"column":13}}},"s":{"0":1,"1":1,"2":1,"3":1,"4":1,"5":1,"6":1,"7":1,"8":1,"9":1,"10":1,"11":1,"12":1,"13":1,"14":1,"15":1,"16":1,"17":1,"18":1,"19":1,"20":1,"21":1,"22":1,"23":1,"24":1,"25":1,"26":1,"27":1,"28":1,"29":1,"30":1,"31":1,"32":1,"33":1,"34":1,"35":1,"36":1,"37":1,"38":1,"39":1,"40":1,"41":4,"42":4,"43":4,"44":4,"45":1,"46":1,"47":3,"48":3,"49":1,"50":1,"51":1,"52":1,"53":1,"54":1,"55":1,"56":1,"57":1,"58":1,"59":1,"60":1,"61":1,"62":1,"63":1,"64":1,"65":1,"66":1,"67":1,"68":1,"69":1,"70":1,"71":1,"72":1,"73":1,"74":1,"75":1,"76":1,"77":0,"78":1,"79":1,"80":1,"81":1,"82":1,"83":1,"84":1,"85":1,"86":1,"87":1,"88":1,"89":0,"90":0,"91":0,"92":1,"93":1,"94":0,"95":0,"96":0,"97":0,"98":0,"99":1,"100":1,"101":0,"102":0,"103":1,"104":1,"105":0,"106":0,"107":0,"108":0,"109":0,"110":0,"111":0,"112":0,"113":0,"114":0,"115":0,"116":1},"branchMap":{"0":{"type":"branch","line":41,"loc":{"start":{"line":41,"column":7},"end":{"line":49,"column":1}},"locations":[{"start":{"line":41,"column":7},"end":{"line":49,"column":1}}]},"1":{"type":"branch","line":45,"loc":{"start":{"line":45,"column":13},"end":{"line":47,"column":3}},"locations":[{"start":{"line":45,"column":13},"end":{"line":47,"column":3}}]},"2":{"type":"branch","line":47,"loc":{"start":{"line":47,"column":2},"end":{"line":49,"column":1}},"locations":[{"start":{"line":47,"column":2},"end":{"line":49,"column":1}}]}},"b":{"0":[4],"1":[1],"2":[3]},"fnMap":{"0":{"name":"entitySchema","decl":{"start":{"line":41,"column":7},"end":{"line":49,"column":1}},"loc":{"start":{"line":41,"column":7},"end":{"line":49,"column":1}},"line":41},"1":{"name":"withoutID","decl":{"start":{"line":77,"column":25},"end":{"line":78,"column":38}},"loc":{"start":{"line":77,"column":25},"end":{"line":78,"column":38}},"line":77},"2":{"name":"withoutPermissions","decl":{"start":{"line":89,"column":7},"end":{"line":92,"column":1}},"loc":{"start":{"line":89,"column":7},"end":{"line":92,"column":1}},"line":89},"3":{"name":"withoutPassword","decl":{"start":{"line":94,"column":7},"end":{"line":99,"column":1}},"loc":{"start":{"line":94,"column":7},"end":{"line":99,"column":1}},"line":94},"4":{"name":"withID","decl":{"start":{"line":101,"column":7},"end":{"line":103,"column":1}},"loc":{"start":{"line":101,"column":7},"end":{"line":103,"column":1}},"line":101},"5":{"name":"atomicDataSchema","decl":{"start":{"line":105,"column":32},"end":{"line":116,"column":2}},"loc":{"start":{"line":105,"column":32},"end":{"line":116,"column":2}},"line":105}},"f":{"0":4,"1":0,"2":0,"3":0,"4":0,"5":0}}
,"/workspace/core-data/src/schemas/strings.ts": {"path":"/workspace/core-data/src/schemas/strings.ts","all":false,"statementMap":{"0":{"start":{"line":1,"column":0},"end":{"line":1,"column":33}},"1":{"start":{"line":2,"column":0},"end":{"line":2,"column":31}},"2":{"start":{"line":3,"column":0},"end":{"line":3,"column":16}},"3":{"start":{"line":4,"column":0},"end":{"line":4,"column":12}},"4":{"start":{"line":5,"column":0},"end":{"line":5,"column":13}},"5":{"start":{"line":6,"column":0},"end":{"line":6,"column":17}},"6":{"start":{"line":7,"column":0},"end":{"line":7,"column":17}},"7":{"start":{"line":8,"column":0},"end":{"line":8,"column":21}},"8":{"start":{"line":9,"column":0},"end":{"line":9,"column":18}},"9":{"start":{"line":10,"column":0},"end":{"line":10,"column":11}},"10":{"start":{"line":11,"column":0},"end":{"line":11,"column":0}},"11":{"start":{"line":12,"column":0},"end":{"line":12,"column":44}},"12":{"start":{"line":13,"column":0},"end":{"line":13,"column":20}},"13":{"start":{"line":14,"column":0},"end":{"line":14,"column":21}},"14":{"start":{"line":15,"column":0},"end":{"line":15,"column":22}},"15":{"start":{"line":16,"column":0},"end":{"line":16,"column":3}},"16":{"start":{"line":17,"column":0},"end":{"line":17,"column":0}},"17":{"start":{"line":18,"column":0},"end":{"line":18,"column":50}},"18":{"start":{"line":19,"column":0},"end":{"line":19,"column":0}},"19":{"start":{"line":20,"column":0},"end":{"line":20,"column":39}},"20":{"start":{"line":21,"column":0},"end":{"line":21,"column":17}},"21":{"start":{"line":22,"column":0},"end":{"line":22,"column":17}},"22":{"start":{"line":23,"column":0},"end":{"line":23,"column":17}},"23":{"start":{"line":24,"column":0},"end":{"line":24,"column":18}},"24":{"start":{"line":25,"column":0},"end":{"line":25,"column":3}},"25":{"start":{"line":26,"column":0},"end":{"line":26,"column":0}},"26":{"start":{"line":27,"column":0},"end":{"line":27,"column":39}},"27":{"start":{"line":28,"column":0},"end":{"line":28,"column":17}},"28":{"start":{"line":29,"column":0},"end":{"line":29,"column":18}},"29":{"start":{"line":30,"column":0},"end":{"line":30,"column":17}},"30":{"start":{"line":31,"column":0},"end":{"line":31,"column":18}},"31":{"start":{"line":32,"column":0},"end":{"line":32,"column":18}},"32":{"start":{"line":33,"column":0},"end":{"line":33,"column":3}},"33":{"start":{"line":34,"column":0},"end":{"line":34,"column":0}},"34":{"start":{"line":35,"column":0},"end":{"line":35,"column":39}},"35":{"start":{"line":36,"column":0},"end":{"line":36,"column":18}},"36":{"start":{"line":37,"column":0},"end":{"line":37,"column":17}},"37":{"start":{"line":38,"column":0},"end":{"line":38,"column":17}},"38":{"start":{"line":39,"column":0},"end":{"line":39,"column":20}},"39":{"start":{"line":40,"column":0},"end":{"line":40,"column":3}},"40":{"start":{"line":41,"column":0},"end":{"line":41,"column":0}},"41":{"start":{"line":42,"column":0},"end":{"line":42,"column":38}},"42":{"start":{"line":43,"column":0},"end":{"line":43,"column":18}},"43":{"start":{"line":44,"column":0},"end":{"line":44,"column":17}},"44":{"start":{"line":45,"column":0},"end":{"line":45,"column":19}},"45":{"start":{"line":46,"column":0},"end":{"line":46,"column":3}},"46":{"start":{"line":47,"column":0},"end":{"line":47,"column":0}},"47":{"start":{"line":48,"column":0},"end":{"line":48,"column":40}},"48":{"start":{"line":49,"column":0},"end":{"line":49,"column":18}},"49":{"start":{"line":50,"column":0},"end":{"line":50,"column":18}},"50":{"start":{"line":51,"column":0},"end":{"line":51,"column":17}},"51":{"start":{"line":52,"column":0},"end":{"line":52,"column":18}},"52":{"start":{"line":53,"column":0},"end":{"line":53,"column":3}},"53":{"start":{"line":54,"column":0},"end":{"line":54,"column":0}},"54":{"start":{"line":55,"column":0},"end":{"line":55,"column":37}},"55":{"start":{"line":56,"column":0},"end":{"line":56,"column":20}},"56":{"start":{"line":57,"column":0},"end":{"line":57,"column":20}},"57":{"start":{"line":58,"column":0},"end":{"line":58,"column":20}},"58":{"start":{"line":59,"column":0},"end":{"line":59,"column":19}},"59":{"start":{"line":60,"column":0},"end":{"line":60,"column":21}},"60":{"start":{"line":61,"column":0},"end":{"line":61,"column":22}},"61":{"start":{"line":62,"column":0},"end":{"line":62,"column":21}},"62":{"start":{"line":63,"column":0},"end":{"line":63,"column":18}},"63":{"start":{"line":64,"column":0},"end":{"line":64,"column":3}},"64":{"start":{"line":65,"column":0},"end":{"line":65,"column":0}},"65":{"start":{"line":66,"column":0},"end":{"line":66,"column":32}},"66":{"start":{"line":67,"column":0},"end":{"line":67,"column":16}},"67":{"start":{"line":68,"column":0},"end":{"line":68,"column":26}},"68":{"start":{"line":69,"column":0},"end":{"line":69,"column":26}},"69":{"start":{"line":70,"column":0},"end":{"line":70,"column":26}},"70":{"start":{"line":71,"column":0},"end":{"line":71,"column":25}},"71":{"start":{"line":72,"column":0},"end":{"line":72,"column":27}},"72":{"start":{"line":73,"column":0},"end":{"line":73,"column":3}}},"s":{"0":1,"1":1,"2":1,"3":1,"4":1,"5":1,"6":1,"7":1,"8":1,"9":1,"10":1,"11":1,"12":1,"13":1,"14":1,"15":1,"16":1,"17":1,"18":1,"19":1,"20":1,"21":1,"22":1,"23":1,"24":1,"25":1,"26":1,"27":1,"28":1,"29":1,"30":1,"31":1,"32":1,"33":1,"34":1,"35":1,"36":1,"37":1,"38":1,"39":1,"40":1,"41":1,"42":1,"43":1,"44":1,"45":1,"46":1,"47":1,"48":1,"49":1,"50":1,"51":1,"52":1,"53":1,"54":1,"55":1,"56":1,"57":1,"58":1,"59":1,"60":1,"61":1,"62":1,"63":1,"64":1,"65":1,"66":1,"67":1,"68":1,"69":1,"70":1,"71":1,"72":1},"branchMap":{},"b":{},"fnMap":{},"f":{}}
}
